1696624472838	geckodriver	INFO	Listening on 127.0.0.1:53319
1696624475556	mozrunner::runner	INFO	Running command: "C:\\Program Files (x86)\\Mozilla Firefox\\firefox.exe" "--marionette" "--remote-debugging-port" "53320" "--remote-allow-hosts" "localhost" "-no-remote" "-profile" "C:\\Users\\Sonal\\AppData\\Local\\Temp\\rust_mozprofilePnD2we"
console.warn: services.settings: Ignoring preference override of remote settings server
console.warn: services.settings: Allow by setting MOZ_REMOTE_SETTINGS_DEVTOOLS=1 in the environment
1696624477475	Marionette	INFO	Marionette enabled
Dynamically enable window occlusion 0
1696624477841	Marionette	INFO	Listening on port 53330
WebDriver BiDi listening on ws://127.0.0.1:53320
Read port: 53330
1696624478405	RemoteAgent	WARN	TLS certificate errors will be ignored for this session
DevTools listening on ws://127.0.0.1:53320/devtools/browser/74e47254-78df-48a8-bb6a-47b45c4a10a7
1696624488049	Marionette	INFO	Stopped listening on port 53330
JavaScript warning: https://www.google.com/xjs/_/js/k=xjs.hd.en.xUiiTpQS3pc.O/am=CAAAAAAAAAAAAAAAAgAAEDUQDgFsgAECARAAAAABACiIIIIQDAAg4FEmAACEBABCYADEgXkAACRUAwAAAABA2A8AAABAAACABQACAGgNYEAIWAQEAAAAQB4AgAcAGERYAAAAAAAAAAAAAAFPEAwuSAAEBEAAAAAAAAAAAACAVDZ5YQAB/d=1/ed=1/dg=2/rs=ACT90oHbgYpchg8paXjDCde5Pt4n-EBlHg/m=cdos,cr,hsm,jsa,mb4ZUb,d,csi,cEt90b,SNUn3,qddgKe,sTsDMc,dtl0hd,eHDfl, line 659: Script terminated by timeout at:
_.fCa@https://www.google.com/xjs/_/js/k=xjs.hd.en.xUiiTpQS3pc.O/am=CAAAAAAAAAAAAAAAAgAAEDUQDgFsgAECARAAAAABACiIIIIQDAAg4FEmAACEBABCYADEgXkAACRUAwAAAABA2A8AAABAAACABQACAGgNYEAIWAQEAAAAQB4AgAcAGERYAAAAAAAAAAAAAAFPEAwuSAAEBEAAAAAAAAAAAACAVDZ5YQAB/d=1/ed=1/dg=2/rs=ACT90oHbgYpchg8paXjDCde5Pt4n-EBlHg/m=cdos,cr,hsm,jsa,mb4ZUb,d,csi,cEt90b,SNUn3,qddgKe,sTsDMc,dtl0hd,eHDfl:659:545
iCa@https://www.google.com/xjs/_/js/k=xjs.hd.en.xUiiTpQS3pc.O/am=CAAAAAAAAAAAAAAAAgAAEDUQDgFsgAECARAAAAABACiIIIIQDAAg4FEmAACEBABCYADEgXkAACRUAwAAAABA2A8AAABAAACABQACAGgNYEAIWAQEAAAAQB4AgAcAGERYAAAAAAAAAAAAAAFPEAwuSAAEBEAAAAAAAAAAAACAVDZ5YQAB/d=1/ed=1/dg=2/rs=ACT90oHbgYpchg8paXjDCde5Pt4n-EBlHg/m=cdos,cr,hsm,jsa,mb4ZUb,d,csi,cEt90b,SNUn3,qddgKe,sTsDMc,dtl0hd,eHDfl:660:337
_.Td.prototype.fC@https://www.google.com/xjs/_/js/k=xjs.hd.en.xUiiTpQS3pc.O/am=CAAAAAAAAAAAAAAAAgAAEDUQDgFsgAECARAAAAABACiIIIIQDAAg4FEmAACEBABCYADEgXkAACRUAwAAAABA2A8AAABAAACABQACAGgNYEAIWAQEAAAAQB4AgAcAGERYAAAAAAAAAAAAAAFPEAwuSAAEBEAAAAAAAAAAAACAVDZ5YQAB/d=1/ed=1/dg=2/rs=ACT90oHbgYpchg8paXjDCde5Pt4n-EBlHg/m=cdos,cr,hsm,jsa,mb4ZUb,d,csi,cEt90b,SNUn3,qddgKe,sTsDMc,dtl0hd,eHDfl:678:52
fkc@https://www.google.com/xjs/_/js/k=xjs.hd.en.xUiiTpQS3pc.O/ck=xjs.hd.T8BHtU1rNwI.L.F4.O/am=CAAAAAAAAAAAAAAAAgAAEDUQDgFsgAECARAAAAABACiIIIIQDAAg4FEmAACEBABCYADEgXkAACRUAwAAAABA2A8AAABAAACABQACAGgNYEAIWAQEAAAAQB4AgAcAGERYAAAAAAAAAAAAAAFPEAwuSAAEBEAAAAAAAAAAAACAVDZ5YQAB/d=0/dg=2/rs=ACT90oH-i2hiUPBkcEofsIvYp4jDKFcXtg/m=sb_wiz,aa,abd,synd,syoc,syod,syou,syov,symy,syn0,symz,symx,syow,syoy,syox,syot,syp7,syoj,syel,syof,syog,syok,syoo,sypi,sypb,sypj,syol,syom,syp9,sypc,sypa,syph,sypf,sytl,syoe,syon,syop,syoq,syor,syos,syoz,syp0,syp1,syp2,syp3,sypd,syxj,syxi,syxk,async,mu,pHXghd,sf,syng,synf,rtH1bd,synv,syt6,symc,sywl,sy10n,sy10o,sy10p,sy10q,sy10r,sy10s,EkevXb,syll,B2qlPe,syrb,NzU6V,syub,GU4Gab,sytp,sytq,loL8vb,syth,sytr,ms4mZb,sysd,syse,syso,sysp,sysc,DhPYme,MpJwZc,UUJqVe,sy6y,sOXFj,sy6x,s39S4,nAFL3,oGtAuc,sy7q,sy7r,q0xTif,sywa,sywb,sy75,syrx,sywd,sywe,sywf,sywc,sywg,sywh,sywi,syz7,syza,syzb,syzc,symw,syzd,syze,syzf,syzg,syzh,syzi,syzj,syzk,syzl,syiy,syiz,syzm,syzn,syzo,syzp,syzq,syzr,syzs,syzu,syzt,syzv,syzw,sy9k,sye6,syzy,syzz,syzx,sy100,sy101,sy102,sy103,sy106,sy107,sy108,sy109,epYOx?xjs=s3:485:234
hkc/<@https://www.google.com/xjs/_/js/k=xjs.hd.en.xUiiTpQS3pc.O/ck=xjs.hd.T8BHtU1rNwI.L.F4.O/am=CAAAAAAAAAAAAAAAAgAAEDUQDgFsgAECARAAAAABACiIIIIQDAAg4FEmAACEBABCYADEgXkAACRUAwAAAABA2A8AAABAAACABQACAGgNYEAIWAQEAAAAQB4AgAcAGERYAAAAAAAAAAAAAAFPEAwuSAAEBEAAAAAAAAAAAACAVDZ5YQAB/d=0/dg=2/rs=ACT90oH-i2hiUPBkcEofsIvYp4jDKFcXtg/m=sb_wiz,aa,abd,synd,syoc,syod,syou,syov,symy,syn0,symz,symx,syow,syoy,syox,syot,syp7,syoj,syel,syof,syog,syok,syoo,sypi,sypb,sypj,syol,syom,syp9,sypc,sypa,syph,sypf,sytl,syoe,syon,syop,syoq,syor,syos,syoz,syp0,syp1,syp2,syp3,sypd,syxj,syxi,syxk,async,mu,pHXghd,sf,syng,synf,rtH1bd,synv,syt6,symc,sywl,sy10n,sy10o,sy10p,sy10q,sy10r,sy10s,EkevXb,syll,B2qlPe,syrb,NzU6V,syub,GU4Gab,sytp,sytq,loL8vb,syth,sytr,ms4mZb,sysd,syse,syso,sysp,sysc,DhPYme,MpJwZc,UUJqVe,sy6y,sOXFj,sy6x,s39S4,nAFL3,oGtAuc,sy7q,sy7r,q0xTif,sywa,sywb,sy75,syrx,sywd,sywe,sywf,sywc,sywg,sywh,sywi,syz7,syza,syzb,syzc,symw,syzd,syze,syzf,syzg,syzh,syzi,syzj,syzk,syzl,syiy,syiz,syzm,syzn,syzo,syzp,syzq,syzr,syzs,syzu,syzt,syzv,syzw,sy9k,sye6,syzy,syzz,syzx,sy100,sy101,sy102,sy103,sy106,sy107,sy108,sy109,epYOx?xjs=s3:484:958

Dynamically enable window occlusion 1
1696624506951	geckodriver	INFO	Listening on 127.0.0.1:53378
1696624510061	mozrunner::runner	INFO	Running command: "C:\\Program Files (x86)\\Mozilla Firefox\\firefox.exe" "--marionette" "--remote-debugging-port" "53379" "--remote-allow-hosts" "localhost" "-no-remote" "-profile" "C:\\Users\\Sonal\\AppData\\Local\\Temp\\rust_mozprofileE2PaAN"
console.warn: services.settings: Ignoring preference override of remote settings server
console.warn: services.settings: Allow by setting MOZ_REMOTE_SETTINGS_DEVTOOLS=1 in the environment
1696624513864	Marionette	INFO	Marionette enabled
Dynamically enable window occlusion 0
1696624514131	Marionette	INFO	Listening on port 53388
WebDriver BiDi listening on ws://127.0.0.1:53379
Read port: 53388
1696624514606	RemoteAgent	WARN	TLS certificate errors will be ignored for this session
DevTools listening on ws://127.0.0.1:53379/devtools/browser/e797e46b-de31-4167-b75e-745f97456fc4
1696624522295	Marionette	INFO	Stopped listening on port 53388
JavaScript warning: https://www.google.com/xjs/_/js/k=xjs.hd.en.xUiiTpQS3pc.O/am=CAAAAAAAAAAAAAAAAgAAEDUQDgFsgAECARAAAAABACiIIIIQDAAg4FEmAACEBABCYADEgXkAACRUAwAAAABA2A8AAABAAACABQACAGgNYEAIWAQEAAAAQB4AgAcAGERYAAAAAAAAAAAAAAFPEAwuSAAEBEAAAAAAAAAAAACAVDZ5YQAB/d=1/ed=1/dg=2/rs=ACT90oHbgYpchg8paXjDCde5Pt4n-EBlHg/m=cdos,cr,hsm,jsa,mb4ZUb,d,csi,cEt90b,SNUn3,qddgKe,sTsDMc,dtl0hd,eHDfl, line 659: Script terminated by timeout at:
_.fCa@https://www.google.com/xjs/_/js/k=xjs.hd.en.xUiiTpQS3pc.O/am=CAAAAAAAAAAAAAAAAgAAEDUQDgFsgAECARAAAAABACiIIIIQDAAg4FEmAACEBABCYADEgXkAACRUAwAAAABA2A8AAABAAACABQACAGgNYEAIWAQEAAAAQB4AgAcAGERYAAAAAAAAAAAAAAFPEAwuSAAEBEAAAAAAAAAAAACAVDZ5YQAB/d=1/ed=1/dg=2/rs=ACT90oHbgYpchg8paXjDCde5Pt4n-EBlHg/m=cdos,cr,hsm,jsa,mb4ZUb,d,csi,cEt90b,SNUn3,qddgKe,sTsDMc,dtl0hd,eHDfl:659:545
iCa@https://www.google.com/xjs/_/js/k=xjs.hd.en.xUiiTpQS3pc.O/am=CAAAAAAAAAAAAAAAAgAAEDUQDgFsgAECARAAAAABACiIIIIQDAAg4FEmAACEBABCYADEgXkAACRUAwAAAABA2A8AAABAAACABQACAGgNYEAIWAQEAAAAQB4AgAcAGERYAAAAAAAAAAAAAAFPEAwuSAAEBEAAAAAAAAAAAACAVDZ5YQAB/d=1/ed=1/dg=2/rs=ACT90oHbgYpchg8paXjDCde5Pt4n-EBlHg/m=cdos,cr,hsm,jsa,mb4ZUb,d,csi,cEt90b,SNUn3,qddgKe,sTsDMc,dtl0hd,eHDfl:660:337
_.Td.prototype.fC@https://www.google.com/xjs/_/js/k=xjs.hd.en.xUiiTpQS3pc.O/am=CAAAAAAAAAAAAAAAAgAAEDUQDgFsgAECARAAAAABACiIIIIQDAAg4FEmAACEBABCYADEgXkAACRUAwAAAABA2A8AAABAAACABQACAGgNYEAIWAQEAAAAQB4AgAcAGERYAAAAAAAAAAAAAAFPEAwuSAAEBEAAAAAAAAAAAACAVDZ5YQAB/d=1/ed=1/dg=2/rs=ACT90oHbgYpchg8paXjDCde5Pt4n-EBlHg/m=cdos,cr,hsm,jsa,mb4ZUb,d,csi,cEt90b,SNUn3,qddgKe,sTsDMc,dtl0hd,eHDfl:678:52
fkc@https://www.google.com/xjs/_/js/k=xjs.hd.en.xUiiTpQS3pc.O/ck=xjs.hd.T8BHtU1rNwI.L.F4.O/am=CAAAAAAAAAAAAAAAAgAAEDUQDgFsgAECARAAAAABACiIIIIQDAAg4FEmAACEBABCYADEgXkAACRUAwAAAABA2A8AAABAAACABQACAGgNYEAIWAQEAAAAQB4AgAcAGERYAAAAAAAAAAAAAAFPEAwuSAAEBEAAAAAAAAAAAACAVDZ5YQAB/d=0/dg=2/rs=ACT90oH-i2hiUPBkcEofsIvYp4jDKFcXtg/m=sb_wiz,aa,abd,synd,syoc,syod,syou,syov,symy,syn0,symz,symx,syow,syoy,syox,syot,syp7,syoj,syel,syof,syog,syok,syoo,sypi,sypb,sypj,syol,syom,syp9,sypc,sypa,syph,sypf,sytl,syoe,syon,syop,syoq,syor,syos,syoz,syp0,syp1,syp2,syp3,sypd,syxj,syxi,syxk,async,mu,pHXghd,sf,syng,synf,rtH1bd,synv,syt6,symc,sywl,sy10n,sy10o,sy10p,sy10q,sy10r,sy10s,EkevXb,syll,B2qlPe,syrb,NzU6V,syub,GU4Gab,sytp,sytq,loL8vb,syth,sytr,ms4mZb,sysd,syse,syso,sysp,sysc,DhPYme,MpJwZc,UUJqVe,sy6y,sOXFj,sy6x,s39S4,nAFL3,oGtAuc,sy7q,sy7r,q0xTif,sywa,sywb,sy75,syrx,sywd,sywe,sywf,sywc,sywg,sywh,sywi,syz7,syza,syzb,syzc,symw,syzd,syze,syzf,syzg,syzh,syzi,syzj,syzk,syzl,syiy,syiz,syzm,syzn,syzo,syzp,syzq,syzr,syzs,syzu,syzt,syzv,syzw,sy9k,sye6,syzy,syzz,syzx,sy100,sy101,sy102,sy103,sy106,sy107,sy108,sy109,epYOx?xjs=s3:485:234
hkc/<@https://www.google.com/xjs/_/js/k=xjs.hd.en.xUiiTpQS3pc.O/ck=xjs.hd.T8BHtU1rNwI.L.F4.O/am=CAAAAAAAAAAAAAAAAgAAEDUQDgFsgAECARAAAAABACiIIIIQDAAg4FEmAACEBABCYADEgXkAACRUAwAAAABA2A8AAABAAACABQACAGgNYEAIWAQEAAAAQB4AgAcAGERYAAAAAAAAAAAAAAFPEAwuSAAEBEAAAAAAAAAAAACAVDZ5YQAB/d=0/dg=2/rs=ACT90oH-i2hiUPBkcEofsIvYp4jDKFcXtg/m=sb_wiz,aa,abd,synd,syoc,syod,syou,syov,symy,syn0,symz,symx,syow,syoy,syox,syot,syp7,syoj,syel,syof,syog,syok,syoo,sypi,sypb,sypj,syol,syom,syp9,sypc,sypa,syph,sypf,sytl,syoe,syon,syop,syoq,syor,syos,syoz,syp0,syp1,syp2,syp3,sypd,syxj,syxi,syxk,async,mu,pHXghd,sf,syng,synf,rtH1bd,synv,syt6,symc,sywl,sy10n,sy10o,sy10p,sy10q,sy10r,sy10s,EkevXb,syll,B2qlPe,syrb,NzU6V,syub,GU4Gab,sytp,sytq,loL8vb,syth,sytr,ms4mZb,sysd,syse,syso,sysp,sysc,DhPYme,MpJwZc,UUJqVe,sy6y,sOXFj,sy6x,s39S4,nAFL3,oGtAuc,sy7q,sy7r,q0xTif,sywa,sywb,sy75,syrx,sywd,sywe,sywf,sywc,sywg,sywh,sywi,syz7,syza,syzb,syzc,symw,syzd,syze,syzf,syzg,syzh,syzi,syzj,syzk,syzl,syiy,syiz,syzm,syzn,syzo,syzp,syzq,syzr,syzs,syzu,syzt,syzv,syzw,sy9k,sye6,syzy,syzz,syzx,sy100,sy101,sy102,sy103,sy106,sy107,sy108,sy109,epYOx?xjs=s3:484:958

Dynamically enable window occlusion 1
1696691468985	geckodriver	INFO	Listening on 127.0.0.1:50933
1696691472014	mozrunner::runner	INFO	Running command: "C:\\Program Files (x86)\\Mozilla Firefox\\firefox.exe" "--marionette" "--remote-debugging-port" "50934" "--remote-allow-hosts" "localhost" "-no-remote" "-profile" "C:\\Users\\Sonal\\AppData\\Local\\Temp\\rust_mozprofilehqH4BG"
console.warn: services.settings: Ignoring preference override of remote settings server
console.warn: services.settings: Allow by setting MOZ_REMOTE_SETTINGS_DEVTOOLS=1 in the environment
1696691472941	Marionette	INFO	Marionette enabled
Dynamically enable window occlusion 0
1696691473202	Marionette	INFO	Listening on port 50941
WebDriver BiDi listening on ws://127.0.0.1:50934
Read port: 50941
1696691473665	RemoteAgent	WARN	TLS certificate errors will be ignored for this session
DevTools listening on ws://127.0.0.1:50934/devtools/browser/768cd55b-f244-4949-9730-f6d2eb8c2d70
1696691481722	Marionette	INFO	Stopped listening on port 50941
JavaScript warning: https://www.google.com/xjs/_/js/k=xjs.hd.en.18MIgTW6lxU.O/am=CAAAAAAAAAAAAAAAAgAAEDUQDgFsgAECARAAAAABACiIgAhCMACAgEeZAAAICQCEwACIA3sAACRUAwAAAABA2A8AAABAAACABQACAGgNYEAIUAQEAAAAQB4AgAcAGERYAAAAAAAAAAAAAAFPEAwuSAAEBEAAAAAAAAAAAACAVDZ5YQAB/d=1/ed=1/dg=2/rs=ACT90oGMsayJIPE8lx78RRe7hRyyU_Y6Wg/m=cdos,cr,hsm,jsa,mb4ZUb,d,csi,cEt90b,SNUn3,qddgKe,sTsDMc,dtl0hd,eHDfl, line 660: Script terminated by timeout at:
_.fCa@https://www.google.com/xjs/_/js/k=xjs.hd.en.18MIgTW6lxU.O/am=CAAAAAAAAAAAAAAAAgAAEDUQDgFsgAECARAAAAABACiIgAhCMACAgEeZAAAICQCEwACIA3sAACRUAwAAAABA2A8AAABAAACABQACAGgNYEAIUAQEAAAAQB4AgAcAGERYAAAAAAAAAAAAAAFPEAwuSAAEBEAAAAAAAAAAAACAVDZ5YQAB/d=1/ed=1/dg=2/rs=ACT90oGMsayJIPE8lx78RRe7hRyyU_Y6Wg/m=cdos,cr,hsm,jsa,mb4ZUb,d,csi,cEt90b,SNUn3,qddgKe,sTsDMc,dtl0hd,eHDfl:660:545
iCa@https://www.google.com/xjs/_/js/k=xjs.hd.en.18MIgTW6lxU.O/am=CAAAAAAAAAAAAAAAAgAAEDUQDgFsgAECARAAAAABACiIgAhCMACAgEeZAAAICQCEwACIA3sAACRUAwAAAABA2A8AAABAAACABQACAGgNYEAIUAQEAAAAQB4AgAcAGERYAAAAAAAAAAAAAAFPEAwuSAAEBEAAAAAAAAAAAACAVDZ5YQAB/d=1/ed=1/dg=2/rs=ACT90oGMsayJIPE8lx78RRe7hRyyU_Y6Wg/m=cdos,cr,hsm,jsa,mb4ZUb,d,csi,cEt90b,SNUn3,qddgKe,sTsDMc,dtl0hd,eHDfl:661:337
_.Sd.prototype.fC@https://www.google.com/xjs/_/js/k=xjs.hd.en.18MIgTW6lxU.O/am=CAAAAAAAAAAAAAAAAgAAEDUQDgFsgAECARAAAAABACiIgAhCMACAgEeZAAAICQCEwACIA3sAACRUAwAAAABA2A8AAABAAACABQACAGgNYEAIUAQEAAAAQB4AgAcAGERYAAAAAAAAAAAAAAFPEAwuSAAEBEAAAAAAAAAAAACAVDZ5YQAB/d=1/ed=1/dg=2/rs=ACT90oGMsayJIPE8lx78RRe7hRyyU_Y6Wg/m=cdos,cr,hsm,jsa,mb4ZUb,d,csi,cEt90b,SNUn3,qddgKe,sTsDMc,dtl0hd,eHDfl:679:52
Yjc@https://www.google.com/xjs/_/js/k=xjs.hd.en.18MIgTW6lxU.O/ck=xjs.hd.KPKvVcQay54.L.F4.O/am=CAAAAAAAAAAAAAAAAgAAEDUQDgFsgAECARAAAAABACiIgAhCMACAgEeZAAAICQCEwACIA3sAACRUAwAAAABA2A8AAABAAACABQACAGgNYEAIUAQEAAAAQB4AgAcAGERYAAAAAAAAAAAAAAFPEAwuSAAEBEAAAAAAAAAAAACAVDZ5YQAB/d=0/dg=2/rs=ACT90oFOeY_rtky5uOpnXzTPmt0Kl-pcUg/m=sb_wiz,aa,abd,sync,syob,syoc,syot,syou,symx,symz,symy,symw,syov,syox,syow,syos,syp6,syoi,syel,syoe,syof,syoj,syon,syph,sypa,sypi,syok,syol,syp8,sypb,syp9,sypg,sype,sytk,syod,syom,syoo,syop,syoq,syor,syoy,syoz,syp0,syp1,syp2,sypc,syxi,syxh,syxj,async,mu,pHXghd,sf,synf,syne,rtH1bd,synu,syt5,symb,sywk,sy10m,sy10n,sy10o,sy10p,sy10q,sy10r,EkevXb,sylk,B2qlPe,syr9,NzU6V,syua,GU4Gab,syto,sytp,loL8vb,sytg,sytq,ms4mZb,sysc,sysd,sysn,syso,sysb,DhPYme,MpJwZc,UUJqVe,sy6y,sOXFj,sy6x,s39S4,nAFL3,oGtAuc,sy7q,sy7r,q0xTif,syw9,sywa,sy75,syrw,sywc,sywd,sywe,sywb,sywf,sywg,sywh,syz6,syz9,syza,syzb,symv,syzc,syzd,syze,syzf,syzg,syzh,syzi,syzj,syzk,syix,syiy,syzl,syzm,syzn,syzo,syzp,syzq,syzr,syzt,syzs,syzu,syzv,sy9k,sye6,syzx,syzy,syzw,syzz,sy100,sy101,sy102,sy105,sy106,sy107,sy108,epYOx?xjs=s3:485:234
$jc/<@https://www.google.com/xjs/_/js/k=xjs.hd.en.18MIgTW6lxU.O/ck=xjs.hd.KPKvVcQay54.L.F4.O/am=CAAAAAAAAAAAAAAAAgAAEDUQDgFsgAECARAAAAABACiIgAhCMACAgEeZAAAICQCEwACIA3sAACRUAwAAAABA2A8AAABAAACABQACAGgNYEAIUAQEAAAAQB4AgAcAGERYAAAAAAAAAAAAAAFPEAwuSAAEBEAAAAAAAAAAAACAVDZ5YQAB/d=0/dg=2/rs=ACT90oFOeY_rtky5uOpnXzTPmt0Kl-pcUg/m=sb_wiz,aa,abd,sync,syob,syoc,syot,syou,symx,symz,symy,symw,syov,syox,syow,syos,syp6,syoi,syel,syoe,syof,syoj,syon,syph,sypa,sypi,syok,syol,syp8,sypb,syp9,sypg,sype,sytk,syod,syom,syoo,syop,syoq,syor,syoy,syoz,syp0,syp1,syp2,sypc,syxi,syxh,syxj,async,mu,pHXghd,sf,synf,syne,rtH1bd,synu,syt5,symb,sywk,sy10m,sy10n,sy10o,sy10p,sy10q,sy10r,EkevXb,sylk,B2qlPe,syr9,NzU6V,syua,GU4Gab,syto,sytp,loL8vb,sytg,sytq,ms4mZb,sysc,sysd,sysn,syso,sysb,DhPYme,MpJwZc,UUJqVe,sy6y,sOXFj,sy6x,s39S4,nAFL3,oGtAuc,sy7q,sy7r,q0xTif,syw9,sywa,sy75,syrw,sywc,sywd,sywe,sywb,sywf,sywg,sywh,syz6,syz9,syza,syzb,symv,syzc,syzd,syze,syzf,syzg,syzh,syzi,syzj,syzk,syix,syiy,syzl,syzm,syzn,syzo,syzp,syzq,syzr,syzt,syzs,syzu,syzv,sy9k,sye6,syzx,syzy,syzw,syzz,sy100,sy101,sy102,sy105,sy106,sy107,sy108,epYOx?xjs=s3:484:958

Dynamically enable window occlusion 1
1696691485023	geckodriver	INFO	Listening on 127.0.0.1:50979
1696691487991	mozrunner::runner	INFO	Running command: "C:\\Program Files (x86)\\Mozilla Firefox\\firefox.exe" "--marionette" "--remote-debugging-port" "50980" "--remote-allow-hosts" "localhost" "-no-remote" "-profile" "C:\\Users\\Sonal\\AppData\\Local\\Temp\\rust_mozprofile62QBIQ"
console.warn: services.settings: Ignoring preference override of remote settings server
console.warn: services.settings: Allow by setting MOZ_REMOTE_SETTINGS_DEVTOOLS=1 in the environment
1696691488922	Marionette	INFO	Marionette enabled
Dynamically enable window occlusion 0
1696691489200	Marionette	INFO	Listening on port 50988
WebDriver BiDi listening on ws://127.0.0.1:50980
Read port: 50988
1696691489671	RemoteAgent	WARN	TLS certificate errors will be ignored for this session
DevTools listening on ws://127.0.0.1:50980/devtools/browser/b04c5440-1f72-4ce9-b543-80905706dae8
JavaScript warning: https://www.gstatic.com/_/mss/boq-one-google/_/js/k=boq-one-google.OneGoogleWidgetUi.en.yyhQtAhZiTc.es5.O/am=CABMGw/d=1/excm=_b,_tp,calloutview/ed=1/dg=0/wt=2/ujg=1/rs=AM-SdHtoYOZ1XFxFwiXEW-VmY_Wu-DFDDg/m=_b,_tp, line 223: Script terminated by timeout at:
_.sl@https://www.gstatic.com/_/mss/boq-one-google/_/js/k=boq-one-google.OneGoogleWidgetUi.en.yyhQtAhZiTc.es5.O/am=CABMGw/d=1/excm=_b,_tp,calloutview/ed=1/dg=0/wt=2/ujg=1/rs=AM-SdHtoYOZ1XFxFwiXEW-VmY_Wu-DFDDg/m=_b,_tp:223:356
fE@https://www.gstatic.com/_/mss/boq-one-google/_/js/k=boq-one-google.OneGoogleWidgetUi.en.yyhQtAhZiTc.es5.O/ck=boq-one-google.OneGoogleWidgetUi.naml2Zqeu6A.L.F4.O/am=CABMGw/d=1/exm=_b,_tp/excm=_b,_tp,calloutview/ed=1/wt=2/ujg=1/rs=AM-SdHvcTK2pzinIOdJ-tfWNnW0j_GPBAg/ee=EVNhjf:pw70Gc;EmZ2Bf:zr1jrb;Erl4fe:FloWmf;JsbNhc:Xd8iUd;LBgRLc:SdcwHb;Me32dd:MEeYgc;NPKaK:SdcwHb;NSEoX:lazG7b;Oj465e:KG2eXe;Pjplud:EEDORb;QGR0gd:Mlhmy;SNUn3:ZwDk9d;a56pNe:JEfCwb;cEt90b:ws9Tlc;dIoSBb:SpsfSb;eBAeSb:zbML3c;iFQyKf:QIhFr;io8t5d:yDVVkb;kMFpHd:OTA3Ae;nAFL3:s39S4;oGtAuc:sOXFj;pXdRYb:MdUzUe;qddgKe:xQtZb;sP4Vbe:VwDzFe;uY49fb:COQbmf;ul9GGd:VDovNc;wR5FRb:O1Gjze;xqZiqf:wmnU7d;yxTchf:KUM7Z;zxnPse:GkRiKb/m=ws9Tlc,n73qwf,GkRiKb,e5qFLc,IZT63,UUJqVe,O1Gjze,byfTOb,lsjVmc,xUdipf,OTA3Ae,COQbmf,fKUV3e,aurFic,U0aPgd,ZwDk9d,V3dDOb,mI3LFb,yYB61,O6y8ed,PrPYRd,MpJwZc,LEikZe,NwH0H,OmgaI,lazG7b,XVMNvd,L1AAkb,KUM7Z,Mlhmy,s39S4,lwddkf,gychg,w9hDv,EEDORb,RMhBfe,SdcwHb,aW3pY,pw70Gc,EFQ78c,Ulmmrd,ZfAoz,mdR7q,wmnU7d,xQtZb,JNoxi,kWgXee,MI6k7c,kjKdXe,BVgquf,QIhFr,ovKuLd,hKSk3e,yDVVkb,hc6Ubd,SpsfSb,KG2eXe,Z5uLle,MdUzUe,VwDzFe,zbML3c,A7fCU,zr1jrb,Uas9Hd,pjICDe:672:463
eE@https://www.gstatic.com/_/mss/boq-one-google/_/js/k=boq-one-google.OneGoogleWidgetUi.en.yyhQtAhZiTc.es5.O/ck=boq-one-google.OneGoogleWidgetUi.naml2Zqeu6A.L.F4.O/am=CABMGw/d=1/exm=_b,_tp/excm=_b,_tp,calloutview/ed=1/wt=2/ujg=1/rs=AM-SdHvcTK2pzinIOdJ-tfWNnW0j_GPBAg/ee=EVNhjf:pw70Gc;EmZ2Bf:zr1jrb;Erl4fe:FloWmf;JsbNhc:Xd8iUd;LBgRLc:SdcwHb;Me32dd:MEeYgc;NPKaK:SdcwHb;NSEoX:lazG7b;Oj465e:KG2eXe;Pjplud:EEDORb;QGR0gd:Mlhmy;SNUn3:ZwDk9d;a56pNe:JEfCwb;cEt90b:ws9Tlc;dIoSBb:SpsfSb;eBAeSb:zbML3c;iFQyKf:QIhFr;io8t5d:yDVVkb;kMFpHd:OTA3Ae;nAFL3:s39S4;oGtAuc:sOXFj;pXdRYb:MdUzUe;qddgKe:xQtZb;sP4Vbe:VwDzFe;uY49fb:COQbmf;ul9GGd:VDovNc;wR5FRb:O1Gjze;xqZiqf:wmnU7d;yxTchf:KUM7Z;zxnPse:GkRiKb/m=ws9Tlc,n73qwf,GkRiKb,e5qFLc,IZT63,UUJqVe,O1Gjze,byfTOb,lsjVmc,xUdipf,OTA3Ae,COQbmf,fKUV3e,aurFic,U0aPgd,ZwDk9d,V3dDOb,mI3LFb,yYB61,O6y8ed,PrPYRd,MpJwZc,LEikZe,NwH0H,OmgaI,lazG7b,XVMNvd,L1AAkb,KUM7Z,Mlhmy,s39S4,lwddkf,gychg,w9hDv,EEDORb,RMhBfe,SdcwHb,aW3pY,pw70Gc,EFQ78c,Ulmmrd,ZfAoz,mdR7q,wmnU7d,xQtZb,JNoxi,kWgXee,MI6k7c,kjKdXe,BVgquf,QIhFr,ovKuLd,hKSk3e,yDVVkb,hc6Ubd,SpsfSb,KG2eXe,Z5uLle,MdUzUe,VwDzFe,zbML3c,A7fCU,zr1jrb,Uas9Hd,pjICDe:672:22
bE.prototype.Ea@https://www.gstatic.com/_/mss/boq-one-google/_/js/k=boq-one-google.OneGoogleWidgetUi.en.yyhQtAhZiTc.es5.O/ck=boq-one-google.OneGoogleWidgetUi.naml2Zqeu6A.L.F4.O/am=CABMGw/d=1/exm=_b,_tp/excm=_b,_tp,calloutview/ed=1/wt=2/ujg=1/rs=AM-SdHvcTK2pzinIOdJ-tfWNnW0j_GPBAg/ee=EVNhjf:pw70Gc;EmZ2Bf:zr1jrb;Erl4fe:FloWmf;JsbNhc:Xd8iUd;LBgRLc:SdcwHb;Me32dd:MEeYgc;NPKaK:SdcwHb;NSEoX:lazG7b;Oj465e:KG2eXe;Pjplud:EEDORb;QGR0gd:Mlhmy;SNUn3:ZwDk9d;a56pNe:JEfCwb;cEt90b:ws9Tlc;dIoSBb:SpsfSb;eBAeSb:zbML3c;iFQyKf:QIhFr;io8t5d:yDVVkb;kMFpHd:OTA3Ae;nAFL3:s39S4;oGtAuc:sOXFj;pXdRYb:MdUzUe;qddgKe:xQtZb;sP4Vbe:VwDzFe;uY49fb:COQbmf;ul9GGd:VDovNc;wR5FRb:O1Gjze;xqZiqf:wmnU7d;yxTchf:KUM7Z;zxnPse:GkRiKb/m=ws9Tlc,n73qwf,GkRiKb,e5qFLc,IZT63,UUJqVe,O1Gjze,byfTOb,lsjVmc,xUdipf,OTA3Ae,COQbmf,fKUV3e,aurFic,U0aPgd,ZwDk9d,V3dDOb,mI3LFb,yYB61,O6y8ed,PrPYRd,MpJwZc,LEikZe,NwH0H,OmgaI,lazG7b,XVMNvd,L1AAkb,KUM7Z,Mlhmy,s39S4,lwddkf,gychg,w9hDv,EEDORb,RMhBfe,SdcwHb,aW3pY,pw70Gc,EFQ78c,Ulmmrd,ZfAoz,mdR7q,wmnU7d,xQtZb,JNoxi,kWgXee,MI6k7c,kjKdXe,BVgquf,QIhFr,ovKuLd,hKSk3e,yDVVkb,hc6Ubd,SpsfSb,KG2eXe,Z5uLle,MdUzUe,VwDzFe,zbML3c,A7fCU,zr1jrb,Uas9Hd,pjICDe:671:114
bE/<@https://www.gstatic.com/_/mss/boq-one-google/_/js/k=boq-one-google.OneGoogleWidgetUi.en.yyhQtAhZiTc.es5.O/ck=boq-one-google.OneGoogleWidgetUi.naml2Zqeu6A.L.F4.O/am=CABMGw/d=1/exm=_b,_tp/excm=_b,_tp,calloutview/ed=1/wt=2/ujg=1/rs=AM-SdHvcTK2pzinIOdJ-tfWNnW0j_GPBAg/ee=EVNhjf:pw70Gc;EmZ2Bf:zr1jrb;Erl4fe:FloWmf;JsbNhc:Xd8iUd;LBgRLc:SdcwHb;Me32dd:MEeYgc;NPKaK:SdcwHb;NSEoX:lazG7b;Oj465e:KG2eXe;Pjplud:EEDORb;QGR0gd:Mlhmy;SNUn3:ZwDk9d;a56pNe:JEfCwb;cEt90b:ws9Tlc;dIoSBb:SpsfSb;eBAeSb:zbML3c;iFQyKf:QIhFr;io8t5d:yDVVkb;kMFpHd:OTA3Ae;nAFL3:s39S4;oGtAuc:sOXFj;pXdRYb:MdUzUe;qddgKe:xQtZb;sP4Vbe:VwDzFe;uY49fb:COQbmf;ul9GGd:VDovNc;wR5FRb:O1Gjze;xqZiqf:wmnU7d;yxTchf:KUM7Z;zxnPse:GkRiKb/m=ws9Tlc,n73qwf,GkRiKb,e5qFLc,IZT63,UUJqVe,O1Gjze,byfTOb,lsjVmc,xUdipf,OTA3Ae,COQbmf,fKUV3e,aurFic,U0aPgd,ZwDk9d,V3dDOb,mI3LFb,yYB61,O6y8ed,PrPYRd,MpJwZc,LEikZe,NwH0H,OmgaI,lazG7b,XVMNvd,L1AAkb,KUM7Z,Mlhmy,s39S4,lwddkf,gychg,w9hDv,EEDORb,RMhBfe,SdcwHb,aW3pY,pw70Gc,EFQ78c,Ulmmrd,ZfAoz,mdR7q,wmnU7d,xQtZb,JNoxi,kWgXee,MI6k7c,kjKdXe,BVgquf,QIhFr,ovKuLd,hKSk3e,yDVVkb,hc6Ubd,SpsfSb,KG2eXe,Z5uLle,MdUzUe,VwDzFe,zbML3c,A7fCU,zr1jrb,Uas9Hd,pjICDe:665:340
Cm@https://www.gstatic.com/_/mss/boq-one-google/_/js/k=boq-one-google.OneGoogleWidgetUi.en.yyhQtAhZiTc.es5.O/am=CABMGw/d=1/excm=_b,_tp,calloutview/ed=1/dg=0/wt=2/ujg=1/rs=AM-SdHtoYOZ1XFxFwiXEW-VmY_Wu-DFDDg/m=_b,_tp:244:482
c@https://www.gstatic.com/_/mss/boq-one-google/_/js/k=boq-one-google.OneGoogleWidgetUi.en.yyhQtAhZiTc.es5.O/am=CABMGw/d=1/excm=_b,_tp,calloutview/ed=1/dg=0/wt=2/ujg=1/rs=AM-SdHtoYOZ1XFxFwiXEW-VmY_Wu-DFDDg/m=_b,_tp:251:252
b@https://www.gstatic.com/_/mss/boq-one-google/_/js/k=boq-one-google.OneGoogleWidgetUi.en.yyhQtAhZiTc.es5.O/am=CABMGw/d=1/excm=_b,_tp,calloutview/ed=1/dg=0/wt=2/ujg=1/rs=AM-SdHtoYOZ1XFxFwiXEW-VmY_Wu-DFDDg/m=_b,_tp:243:48

1696691505494	Marionette	INFO	Stopped listening on port 50988
Dynamically enable window occlusion 1
1696691699733	geckodriver	INFO	Listening on 127.0.0.1:51098
1696691702751	mozrunner::runner	INFO	Running command: "C:\\Program Files (x86)\\Mozilla Firefox\\firefox.exe" "--marionette" "--remote-debugging-port" "51099" "--remote-allow-hosts" "localhost" "-no-remote" "-profile" "C:\\Users\\Sonal\\AppData\\Local\\Temp\\rust_mozprofileDTwFbM"
console.warn: services.settings: Ignoring preference override of remote settings server
console.warn: services.settings: Allow by setting MOZ_REMOTE_SETTINGS_DEVTOOLS=1 in the environment
1696691703792	Marionette	INFO	Marionette enabled
Dynamically enable window occlusion 0
1696691704053	Marionette	INFO	Listening on port 51107
WebDriver BiDi listening on ws://127.0.0.1:51099
Read port: 51107
1696691704577	RemoteAgent	WARN	TLS certificate errors will be ignored for this session
DevTools listening on ws://127.0.0.1:51099/devtools/browser/13ffbc27-17a4-457a-a258-262f2b58a233
JavaScript warning: https://www.google.com/xjs/_/js/k=xjs.hd.en.18MIgTW6lxU.O/am=CAAAAAAAAAAAAAAAAgAAEDUQDgFsgAECARAAAAABACiIgAhCMACAgEeZAAAICQCEwACIA3sAACRUAwAAAABA2A8AAABAAACABQACAGgNYEAIWAQEAAAAQB4AgAcAGERYAAAAAAAAAAAAAAFPEAwuSAAEBEAAAAAAAAAAAACAVDZ5YQAB/d=1/ed=1/dg=2/rs=ACT90oGZKq_nm6XLgdkaaeve7-2geBd5wQ/m=cdos,cr,hsm,jsa,mb4ZUb,d,csi,cEt90b,SNUn3,qddgKe,sTsDMc,dtl0hd,eHDfl, line 625: Script terminated by timeout at:
_.MAa<@https://www.google.com/xjs/_/js/k=xjs.hd.en.18MIgTW6lxU.O/am=CAAAAAAAAAAAAAAAAgAAEDUQDgFsgAECARAAAAABACiIgAhCMACAgEeZAAAICQCEwACIA3sAACRUAwAAAABA2A8AAABAAACABQACAGgNYEAIWAQEAAAAQB4AgAcAGERYAAAAAAAAAAAAAAFPEAwuSAAEBEAAAAAAAAAAAACAVDZ5YQAB/d=1/ed=1/dg=2/rs=ACT90oGZKq_nm6XLgdkaaeve7-2geBd5wQ/m=cdos,cr,hsm,jsa,mb4ZUb,d,csi,cEt90b,SNUn3,qddgKe,sTsDMc,dtl0hd,eHDfl:625:729
_.k.set@https://www.google.com/xjs/_/js/k=xjs.hd.en.18MIgTW6lxU.O/am=CAAAAAAAAAAAAAAAAgAAEDUQDgFsgAECARAAAAABACiIgAhCMACAgEeZAAAICQCEwACIA3sAACRUAwAAAABA2A8AAABAAACABQACAGgNYEAIWAQEAAAAQB4AgAcAGERYAAAAAAAAAAAAAAFPEAwuSAAEBEAAAAAAAAAAAACAVDZ5YQAB/d=1/ed=1/dg=2/rs=ACT90oGZKq_nm6XLgdkaaeve7-2geBd5wQ/m=cdos,cr,hsm,jsa,mb4ZUb,d,csi,cEt90b,SNUn3,qddgKe,sTsDMc,dtl0hd,eHDfl:628:77
_.aha@https://www.google.com/xjs/_/js/k=xjs.hd.en.18MIgTW6lxU.O/am=CAAAAAAAAAAAAAAAAgAAEDUQDgFsgAECARAAAAABACiIgAhCMACAgEeZAAAICQCEwACIA3sAACRUAwAAAABA2A8AAABAAACABQACAGgNYEAIWAQEAAAAQB4AgAcAGERYAAAAAAAAAAAAAAFPEAwuSAAEBEAAAAAAAAAAAACAVDZ5YQAB/d=1/ed=1/dg=2/rs=ACT90oGZKq_nm6XLgdkaaeve7-2geBd5wQ/m=cdos,cr,hsm,jsa,mb4ZUb,d,csi,cEt90b,SNUn3,qddgKe,sTsDMc,dtl0hd,eHDfl:146:153
_.vn.prototype.kQb@https://www.google.com/xjs/_/js/k=xjs.hd.en.18MIgTW6lxU.O/am=CAAAAAAAAAAAAAAAAgAAEDUQDgFsgAECARAAAAABACiIgAhCMACAgEeZAAAICQCEwACIA3sAACRUAwAAAABA2A8AAABAAACABQACAGgNYEAIWAQEAAAAQB4AgAcAGERYAAAAAAAAAAAAAAFPEAwuSAAEBEAAAAAAAAAAAACAVDZ5YQAB/d=1/ed=1/dg=2/rs=ACT90oGZKq_nm6XLgdkaaeve7-2geBd5wQ/m=cdos,cr,hsm,jsa,mb4ZUb,d,csi,cEt90b,SNUn3,qddgKe,sTsDMc,dtl0hd,eHDfl:633:598
_.cBa.prototype.log@https://www.google.com/xjs/_/js/k=xjs.hd.en.18MIgTW6lxU.O/am=CAAAAAAAAAAAAAAAAgAAEDUQDgFsgAECARAAAAABACiIgAhCMACAgEeZAAAICQCEwACIA3sAACRUAwAAAABA2A8AAABAAACABQACAGgNYEAIWAQEAAAAQB4AgAcAGERYAAAAAAAAAAAAAAFPEAwuSAAEBEAAAAAAAAAAAACAVDZ5YQAB/d=1/ed=1/dg=2/rs=ACT90oGZKq_nm6XLgdkaaeve7-2geBd5wQ/m=cdos,cr,hsm,jsa,mb4ZUb,d,csi,cEt90b,SNUn3,qddgKe,sTsDMc,dtl0hd,eHDfl:635:368
ckc.prototype.ka@https://www.google.com/xjs/_/js/k=xjs.hd.en.18MIgTW6lxU.O/ck=xjs.hd.KPKvVcQay54.L.F4.O/am=CAAAAAAAAAAAAAAAAgAAEDUQDgFsgAECARAAAAABACiIgAhCMACAgEeZAAAICQCEwACIA3sAACRUAwAAAABA2A8AAABAAACABQACAGgNYEAIWAQEAAAAQB4AgAcAGERYAAAAAAAAAAAAAAFPEAwuSAAEBEAAAAAAAAAAAACAVDZ5YQAB/d=0/dg=2/rs=ACT90oEm1tkrU2ZjqlKViTx9CJst6r0aDw/m=sb_wiz,aa,abd,sync,syob,syoc,syot,syou,symx,symz,symy,symw,syov,syox,syow,syos,syp6,syoi,syel,syoe,syof,syoj,syon,syph,sypa,sypi,syok,syol,syp8,sypb,syp9,sypg,sype,sytk,syod,syom,syoo,syop,syoq,syor,syoy,syoz,syp0,syp1,syp2,sypc,syxi,syxh,syxj,async,mu,pHXghd,sf,synf,syne,rtH1bd,synu,syt5,symb,sywk,sy10m,sy10n,sy10o,sy10p,sy10q,sy10r,EkevXb,sylk,B2qlPe,syr9,NzU6V,syua,GU4Gab,syto,sytp,loL8vb,sytg,sytq,ms4mZb,sysc,sysd,sysn,syso,sysb,DhPYme,MpJwZc,UUJqVe,sy6y,sOXFj,sy6x,s39S4,nAFL3,oGtAuc,sy7q,sy7r,q0xTif,syw9,sywa,sy75,syrw,sywc,sywd,sywe,sywb,sywf,sywg,sywh,syz6,syz9,syza,syzb,symv,syzc,syzd,syze,syzf,syzg,syzh,syzi,syzj,syzk,syix,syiy,syzl,syzm,syzn,syzo,syzp,syzq,syzr,syzt,syzs,syzu,syzv,sy9k,sye6,syzx,syzy,syzw,syzz,sy100,sy101,sy102,sy105,sy106,sy107,sy108,epYOx?xjs=s3:488:897
akc.prototype.Aa@https://www.google.com/xjs/_/js/k=xjs.hd.en.18MIgTW6lxU.O/ck=xjs.hd.KPKvVcQay54.L.F4.O/am=CAAAAAAAAAAAAAAAAgAAEDUQDgFsgAECARAAAAABACiIgAhCMACAgEeZAAAICQCEwACIA3sAACRUAwAAAABA2A8AAABAAACABQACAGgNYEAIWAQEAAAAQB4AgAcAGERYAAAAAAAAAAAAAAFPEAwuSAAEBEAAAAAAAAAAAACAVDZ5YQAB/d=0/dg=2/rs=ACT90oEm1tkrU2ZjqlKViTx9CJst6r0aDw/m=sb_wiz,aa,abd,sync,syob,syoc,syot,syou,symx,symz,symy,symw,syov,syox,syow,syos,syp6,syoi,syel,syoe,syof,syoj,syon,syph,sypa,sypi,syok,syol,syp8,sypb,syp9,sypg,sype,sytk,syod,syom,syoo,syop,syoq,syor,syoy,syoz,syp0,syp1,syp2,sypc,syxi,syxh,syxj,async,mu,pHXghd,sf,synf,syne,rtH1bd,synu,syt5,symb,sywk,sy10m,sy10n,sy10o,sy10p,sy10q,sy10r,EkevXb,sylk,B2qlPe,syr9,NzU6V,syua,GU4Gab,syto,sytp,loL8vb,sytg,sytq,ms4mZb,sysc,sysd,sysn,syso,sysb,DhPYme,MpJwZc,UUJqVe,sy6y,sOXFj,sy6x,s39S4,nAFL3,oGtAuc,sy7q,sy7r,q0xTif,syw9,sywa,sy75,syrw,sywc,sywd,sywe,sywb,sywf,sywg,sywh,syz6,syz9,syza,syzb,symv,syzc,syzd,syze,syzf,syzg,syzh,syzi,syzj,syzk,syix,syiy,syzl,syzm,syzn,syzo,syzp,syzq,syzr,syzt,syzs,syzu,syzv,sy9k,sye6,syzx,syzy,syzw,syzz,sy100,sy101,sy102,sy105,sy106,sy107,sy108,epYOx?xjs=s3:486:597
_.dkc.prototype.Aa@https://www.google.com/xjs/_/js/k=xjs.hd.en.18MIgTW6lxU.O/ck=xjs.hd.KPKvVcQay54.L.F4.O/am=CAAAAAAAAAAAAAAAAgAAEDUQDgFsgAECARAAAAABACiIgAhCMACAgEeZAAAICQCEwACIA3sAACRUAwAAAABA2A8AAABAAACABQACAGgNYEAIWAQEAAAAQB4AgAcAGERYAAAAAAAAAAAAAAFPEAwuSAAEBEAAAAAAAAAAAACAVDZ5YQAB/d=0/dg=2/rs=ACT90oEm1tkrU2ZjqlKViTx9CJst6r0aDw/m=sb_wiz,aa,abd,sync,syob,syoc,syot,syou,symx,symz,symy,symw,syov,syox,syow,syos,syp6,syoi,syel,syoe,syof,syoj,syon,syph,sypa,sypi,syok,syol,syp8,sypb,syp9,sypg,sype,sytk,syod,syom,syoo,syop,syoq,syor,syoy,syoz,syp0,syp1,syp2,sypc,syxi,syxh,syxj,async,mu,pHXghd,sf,synf,syne,rtH1bd,synu,syt5,symb,sywk,sy10m,sy10n,sy10o,sy10p,sy10q,sy10r,EkevXb,sylk,B2qlPe,syr9,NzU6V,syua,GU4Gab,syto,sytp,loL8vb,sytg,sytq,ms4mZb,sysc,sysd,sysn,syso,sysb,DhPYme,MpJwZc,UUJqVe,sy6y,sOXFj,sy6x,s39S4,nAFL3,oGtAuc,sy7q,sy7r,q0xTif,syw9,sywa,sy75,syrw,sywc,sywd,sywe,sywb,sywf,sywg,sywh,syz6,syz9,syza,syzb,symv,syzc,syzd,syze,syzf,syzg,syzh,syzi,syzj,syzk,syix,syiy,syzl,syzm,syzn,syzo,syzp,syzq,syzr,syzt,syzs,syzu,syzv,sy9k,sye6,syzx,syzy,syzw,syzz,sy100,sy101,sy102,sy105,sy106,sy107,sy108,epYOx?xjs=s3:488:663
bkc@https://www.google.com/xjs/_/js/k=xjs.hd.en.18MIgTW6lxU.O/ck=xjs.hd.KPKvVcQay54.L.F4.O/am=CAAAAAAAAAAAAAAAAgAAEDUQDgFsgAECARAAAAABACiIgAhCMACAgEeZAAAICQCEwACIA3sAACRUAwAAAABA2A8AAABAAACABQACAGgNYEAIWAQEAAAAQB4AgAcAGERYAAAAAAAAAAAAAAFPEAwuSAAEBEAAAAAAAAAAAACAVDZ5YQAB/d=0/dg=2/rs=ACT90oEm1tkrU2ZjqlKViTx9CJst6r0aDw/m=sb_wiz,aa,abd,sync,syob,syoc,syot,syou,symx,symz,symy,symw,syov,syox,syow,syos,syp6,syoi,syel,syoe,syof,syoj,syon,syph,sypa,sypi,syok,syol,syp8,sypb,syp9,sypg,sype,sytk,syod,syom,syoo,syop,syoq,syor,syoy,syoz,syp0,syp1,syp2,sypc,syxi,syxh,syxj,async,mu,pHXghd,sf,synf,syne,rtH1bd,synu,syt5,symb,sywk,sy10m,sy10n,sy10o,sy10p,sy10q,sy10r,EkevXb,sylk,B2qlPe,syr9,NzU6V,syua,GU4Gab,syto,sytp,loL8vb,sytg,sytq,ms4mZb,sysc,sysd,sysn,syso,sysb,DhPYme,MpJwZc,UUJqVe,sy6y,sOXFj,sy6x,s39S4,nAFL3,oGtAuc,sy7q,sy7r,q0xTif,syw9,sywa,sy75,syrw,sywc,sywd,sywe,sywb,sywf,sywg,sywh,syz6,syz9,syza,syzb,symv,syzc,syzd,syze,syzf,syzg,syzh,syzi,syzj,syzk,syix,syiy,syzl,syzm,syzn,syzo,syzp,syzq,syzr,syzt,syzs,syzu,syzv,sy9k,sye6,syzx,syzy,syzw,syzz,sy100,sy101,sy102,sy105,sy106,sy107,sy108,epYOx?xjs=s3:488:437
_.Bjc@https://www.google.com/xjs/_/js/k=xjs.hd.en.18MIgTW6lxU.O/ck=xjs.hd.KPKvVcQay54.L.F4.O/am=CAAAAAAAAAAAAAAAAgAAEDUQDgFsgAECARAAAAABACiIgAhCMACAgEeZAAAICQCEwACIA3sAACRUAwAAAABA2A8AAABAAACABQACAGgNYEAIWAQEAAAAQB4AgAcAGERYAAAAAAAAAAAAAAFPEAwuSAAEBEAAAAAAAAAAAACAVDZ5YQAB/d=0/dg=2/rs=ACT90oEm1tkrU2ZjqlKViTx9CJst6r0aDw/m=sb_wiz,aa,abd,sync,syob,syoc,syot,syou,symx,symz,symy,symw,syov,syox,syow,syos,syp6,syoi,syel,syoe,syof,syoj,syon,syph,sypa,sypi,syok,syol,syp8,sypb,syp9,sypg,sype,sytk,syod,syom,syoo,syop,syoq,syor,syoy,syoz,syp0,syp1,syp2,sypc,syxi,syxh,syxj,async,mu,pHXghd,sf,synf,syne,rtH1bd,synu,syt5,symb,sywk,sy10m,sy10n,sy10o,sy10p,sy10q,sy10r,EkevXb,sylk,B2qlPe,syr9,NzU6V,syua,GU4Gab,syto,sytp,loL8vb,sytg,sytq,ms4mZb,sysc,sysd,sysn,syso,sysb,DhPYme,MpJwZc,UUJqVe,sy6y,sOXFj,sy6x,s39S4,nAFL3,oGtAuc,sy7q,sy7r,q0xTif,syw9,sywa,sy75,syrw,sywc,sywd,sywe,sywb,sywf,sywg,sywh,syz6,syz9,syza,syzb,symv,syzc,syzd,syze,syzf,syzg,syzh,syzi,syzj,syzk,syix,syiy,syzl,syzm,syzn,syzo,syzp,syzq,syzr,syzt,syzs,syzu,syzv,sy9k,sye6,syzx,syzy,syzw,syzz,sy100,sy101,sy102,sy105,sy106,sy107,sy108,epYOx?xjs=s3:488:40
Cjc/<@https://www.google.com/xjs/_/js/k=xjs.hd.en.18MIgTW6lxU.O/ck=xjs.hd.KPKvVcQay54.L.F4.O/am=CAAAAAAAAAAAAAAAAgAAEDUQDgFsgAECARAAAAABACiIgAhCMACAgEeZAAAICQCEwACIA3sAACRUAwAAAABA2A8AAABAAACABQACAGgNYEAIWAQEAAAAQB4AgAcAGERYAAAAAAAAAAAAAAFPEAwuSAAEBEAAAAAAAAAAAACAVDZ5YQAB/d=0/dg=2/rs=ACT90oEm1tkrU2ZjqlKViTx9CJst6r0aDw/m=sb_wiz,aa,abd,sync,syob,syoc,syot,syou,symx,symz,symy,symw,syov,syox,syow,syos,syp6,syoi,syel,syoe,syof,syoj,syon,syph,sypa,sypi,syok,syol,syp8,sypb,syp9,sypg,sype,sytk,syod,syom,syoo,syop,syoq,syor,syoy,syoz,syp0,syp1,syp2,sypc,syxi,syxh,syxj,async,mu,pHXghd,sf,synf,syne,rtH1bd,synu,syt5,symb,sywk,sy10m,sy10n,sy10o,sy10p,sy10q,sy10r,EkevXb,sylk,B2qlPe,syr9,NzU6V,syua,GU4Gab,syto,sytp,loL8vb,sytg,sytq,ms4mZb,sysc,sysd,sysn,syso,sysb,DhPYme,MpJwZc,UUJqVe,sy6y,sOXFj,sy6x,s39S4,nAFL3,oGtAuc,sy7q,sy7r,q0xTif,syw9,sywa,sy75,syrw,sywc,sywd,sywe,sywb,sywf,sywg,sywh,syz6,syz9,syza,syzb,symv,syzc,syzd,syze,syzf,syzg,syzh,syzi,syzj,syzk,syix,syiy,syzl,syzm,syzn,syzo,syzp,syzq,syzr,syzt,syzs,syzu,syzv,sy9k,sye6,syzx,syzy,syzw,syzz,sy100,sy101,sy102,sy105,sy106,sy107,sy108,epYOx?xjs=s3:479:62
Ljc/<@https://www.google.com/xjs/_/js/k=xjs.hd.en.18MIgTW6lxU.O/ck=xjs.hd.KPKvVcQay54.L.F4.O/am=CAAAAAAAAAAAAAAAAgAAEDUQDgFsgAECARAAAAABACiIgAhCMACAgEeZAAAICQCEwACIA3sAACRUAwAAAABA2A8AAABAAACABQACAGgNYEAIWAQEAAAAQB4AgAcAGERYAAAAAAAAAAAAAAFPEAwuSAAEBEAAAAAAAAAAAACAVDZ5YQAB/d=0/dg=2/rs=ACT90oEm1tkrU2ZjqlKViTx9CJst6r0aDw/m=sb_wiz,aa,abd,sync,syob,syoc,syot,syou,symx,symz,symy,symw,syov,syox,syow,syos,syp6,syoi,syel,syoe,syof,syoj,syon,syph,sypa,sypi,syok,syol,syp8,sypb,syp9,sypg,sype,sytk,syod,syom,syoo,syop,syoq,syor,syoy,syoz,syp0,syp1,syp2,sypc,syxi,syxh,syxj,async,mu,pHXghd,sf,synf,syne,rtH1bd,synu,syt5,symb,sywk,sy10m,sy10n,sy10o,sy10p,sy10q,sy10r,EkevXb,sylk,B2qlPe,syr9,NzU6V,syua,GU4Gab,syto,sytp,loL8vb,sytg,sytq,ms4mZb,sysc,sysd,sysn,syso,sysb,DhPYme,MpJwZc,UUJqVe,sy6y,sOXFj,sy6x,s39S4,nAFL3,oGtAuc,sy7q,sy7r,q0xTif,syw9,sywa,sy75,syrw,sywc,sywd,sywe,sywb,sywf,sywg,sywh,syz6,syz9,syza,syzb,symv,syzc,syzd,syze,syzf,syzg,syzh,syzi,syzj,syzk,syix,syiy,syzl,syzm,syzn,syzo,syzp,syzq,syzr,syzt,syzs,syzu,syzv,sy9k,sye6,syzx,syzy,syzw,syzz,sy100,sy101,sy102,sy105,sy106,sy107,sy108,epYOx?xjs=s3:480:1058
Ljc@https://www.google.com/xjs/_/js/k=xjs.hd.en.18MIgTW6lxU.O/ck=xjs.hd.KPKvVcQay54.L.F4.O/am=CAAAAAAAAAAAAAAAAgAAEDUQDgFsgAECARAAAAABACiIgAhCMACAgEeZAAAICQCEwACIA3sAACRUAwAAAABA2A8AAABAAACABQACAGgNYEAIWAQEAAAAQB4AgAcAGERYAAAAAAAAAAAAAAFPEAwuSAAEBEAAAAAAAAAAAACAVDZ5YQAB/d=0/dg=2/rs=ACT90oEm1tkrU2ZjqlKViTx9CJst6r0aDw/m=sb_wiz,aa,abd,sync,syob,syoc,syot,syou,symx,symz,symy,symw,syov,syox,syow,syos,syp6,syoi,syel,syoe,syof,syoj,syon,syph,sypa,sypi,syok,syol,syp8,sypb,syp9,sypg,sype,sytk,syod,syom,syoo,syop,syoq,syor,syoy,syoz,syp0,syp1,syp2,sypc,syxi,syxh,syxj,async,mu,pHXghd,sf,synf,syne,rtH1bd,synu,syt5,symb,sywk,sy10m,sy10n,sy10o,sy10p,sy10q,sy10r,EkevXb,sylk,B2qlPe,syr9,NzU6V,syua,GU4Gab,syto,sytp,loL8vb,sytg,sytq,ms4mZb,sysc,sysd,sysn,syso,sysb,DhPYme,MpJwZc,UUJqVe,sy6y,sOXFj,sy6x,s39S4,nAFL3,oGtAuc,sy7q,sy7r,q0xTif,syw9,sywa,sy75,syrw,sywc,sywd,sywe,sywb,sywf,sywg,sywh,syz6,syz9,syza,syzb,symv,syzc,syzd,syze,syzf,syzg,syzh,syzi,syzj,syzk,syix,syiy,syzl,syzm,syzn,syzo,syzp,syzq,syzr,syzt,syzs,syzu,syzv,sy9k,sye6,syzx,syzy,syzw,syzz,sy100,sy101,sy102,sy105,sy106,sy107,sy108,epYOx?xjs=s3:480:987
_.Kjc.prototype.wa@https://www.google.com/xjs/_/js/k=xjs.hd.en.18MIgTW6lxU.O/ck=xjs.hd.KPKvVcQay54.L.F4.O/am=CAAAAAAAAAAAAAAAAgAAEDUQDgFsgAECARAAAAABACiIgAhCMACAgEeZAAAICQCEwACIA3sAACRUAwAAAABA2A8AAABAAACABQACAGgNYEAIWAQEAAAAQB4AgAcAGERYAAAAAAAAAAAAAAFPEAwuSAAEBEAAAAAAAAAAAACAVDZ5YQAB/d=0/dg=2/rs=ACT90oEm1tkrU2ZjqlKViTx9CJst6r0aDw/m=sb_wiz,aa,abd,sync,syob,syoc,syot,syou,symx,symz,symy,symw,syov,syox,syow,syos,syp6,syoi,syel,syoe,syof,syoj,syon,syph,sypa,sypi,syok,syol,syp8,sypb,syp9,sypg,sype,sytk,syod,syom,syoo,syop,syoq,syor,syoy,syoz,syp0,syp1,syp2,sypc,syxi,syxh,syxj,async,mu,pHXghd,sf,synf,syne,rtH1bd,synu,syt5,symb,sywk,sy10m,sy10n,sy10o,sy10p,sy10q,sy10r,EkevXb,sylk,B2qlPe,syr9,NzU6V,syua,GU4Gab,syto,sytp,loL8vb,sytg,sytq,ms4mZb,sysc,sysd,sysn,syso,sysb,DhPYme,MpJwZc,UUJqVe,sy6y,sOXFj,sy6x,s39S4,nAFL3,oGtAuc,sy7q,sy7r,q0xTif,syw9,sywa,sy75,syrw,sywc,sywd,sywe,sywb,sywf,sywg,sywh,syz6,syz9,syza,syzb,symv,syzc,syzd,syze,syzf,syzg,syzh,syzi,syzj,syzk,syix,syiy,syzl,syzm,syzn,syzo,syzp,syzq,syzr,syzt,syzs,syzu,syzv,sy9k,sye6,syzx,syzy,syzw,syzz,sy100,sy101,sy102,sy105,sy106,sy107,sy108,epYOx?xjs=s3:480:1229
_.k.O3a@https://www.google.com/xjs/_/js/k=xjs.hd.en.18MIgTW6lxU.O/am=CAAAAAAAAAAAAAAAAgAAEDUQDgFsgAECARAAAAABACiIgAhCMACAgEeZAAAICQCEwACIA3sAACRUAwAAAABA2A8AAABAAACABQACAGgNYEAIWAQEAAAAQB4AgAcAGERYAAAAAAAAAAAAAAFPEAwuSAAEBEAAAAAAAAAAAACAVDZ5YQAB/d=1/ed=1/dg=2/rs=ACT90oGZKq_nm6XLgdkaaeve7-2geBd5wQ/m=cdos,cr,hsm,jsa,mb4ZUb,d,csi,cEt90b,SNUn3,qddgKe,sTsDMc,dtl0hd,eHDfl:425:217
_.k.dispatchEvent@https://www.google.com/xjs/_/js/k=xjs.hd.en.18MIgTW6lxU.O/am=CAAAAAAAAAAAAAAAAgAAEDUQDgFsgAECARAAAAABACiIgAhCMACAgEeZAAAICQCEwACIA3sAACRUAwAAAABA2A8AAABAAACABQACAGgNYEAIWAQEAAAAQB4AgAcAGERYAAAAAAAAAAAAAAFPEAwuSAAEBEAAAAAAAAAAAACAVDZ5YQAB/d=1/ed=1/dg=2/rs=ACT90oGZKq_nm6XLgdkaaeve7-2geBd5wQ/m=cdos,cr,hsm,jsa,mb4ZUb,d,csi,cEt90b,SNUn3,qddgKe,sTsDMc,dtl0hd,eHDfl:423:389
_.Yc.prototype.Ja@https://www.google.com/xjs/_/js/k=xjs.hd.en.18MIgTW6lxU.O/am=CAAAAAAAAAAAAAAAAgAAEDUQDgFsgAECARAAAAABACiIgAhCMACAgEeZAAAICQCEwACIA3sAACRUAwAAAABA2A8AAABAAACABQACAGgNYEAIWAQEAAAAQB4AgAcAGERYAAAAAAAAAAAAAAFPEAwuSAAEBEAAAAAAAAAAAACAVDZ5YQAB/d=1/ed=1/dg=2/rs=ACT90oGZKq_nm6XLgdkaaeve7-2geBd5wQ/m=cdos,cr,hsm,jsa,mb4ZUb,d,csi,cEt90b,SNUn3,qddgKe,sTsDMc,dtl0hd,eHDfl:656:295
hua@https://www.google.com/xjs/_/js/k=xjs.hd.en.18MIgTW6lxU.O/am=CAAAAAAAAAAAAAAAAgAAEDUQDgFsgAECARAAAAABACiIgAhCMACAgEeZAAAICQCEwACIA3sAACRUAwAAAABA2A8AAABAAACABQACAGgNYEAIWAQEAAAAQB4AgAcAGERYAAAAAAAAAAAAAAFPEAwuSAAEBEAAAAAAAAAAAACAVDZ5YQAB/d=1/ed=1/dg=2/rs=ACT90oGZKq_nm6XLgdkaaeve7-2geBd5wQ/m=cdos,cr,hsm,jsa,mb4ZUb,d,csi,cEt90b,SNUn3,qddgKe,sTsDMc,dtl0hd,eHDfl:421:292
eua@https://www.google.com/xjs/_/js/k=xjs.hd.en.18MIgTW6lxU.O/am=CAAAAAAAAAAAAAAAAgAAEDUQDgFsgAECARAAAAABACiIgAhCMACAgEeZAAAICQCEwACIA3sAACRUAwAAAABA2A8AAABAAACABQACAGgNYEAIWAQEAAAAQB4AgAcAGERYAAAAAAAAAAAAAAFPEAwuSAAEBEAAAAAAAAAAAACAVDZ5YQAB/d=1/ed=1/dg=2/rs=ACT90oGZKq_nm6XLgdkaaeve7-2geBd5wQ/m=cdos,cr,hsm,jsa,mb4ZUb,d,csi,cEt90b,SNUn3,qddgKe,sTsDMc,dtl0hd,eHDfl:421:341
b@https://www.google.com/xjs/_/js/k=xjs.hd.en.18MIgTW6lxU.O/am=CAAAAAAAAAAAAAAAAgAAEDUQDgFsgAECARAAAAABACiIgAhCMACAgEeZAAAICQCEwACIA3sAACRUAwAAAABA2A8AAABAAACABQACAGgNYEAIWAQEAAAAQB4AgAcAGERYAAAAAAAAAAAAAAFPEAwuSAAEBEAAAAAAAAAAAACAVDZ5YQAB/d=1/ed=1/dg=2/rs=ACT90oGZKq_nm6XLgdkaaeve7-2geBd5wQ/m=cdos,cr,hsm,jsa,mb4ZUb,d,csi,cEt90b,SNUn3,qddgKe,sTsDMc,dtl0hd,eHDfl:417:49

1696691730459	Marionette	INFO	Stopped listening on port 51107
Dynamically enable window occlusion 1
!!! error running onStopped callback: TypeError: callback is not a function
1696691992739	geckodriver	INFO	Listening on 127.0.0.1:51276
1696691995763	mozrunner::runner	INFO	Running command: "C:\\Program Files (x86)\\Mozilla Firefox\\firefox.exe" "--marionette" "--remote-debugging-port" "51277" "--remote-allow-hosts" "localhost" "-no-remote" "-profile" "C:\\Users\\Sonal\\AppData\\Local\\Temp\\rust_mozprofileMSCjGQ"
console.warn: services.settings: Ignoring preference override of remote settings server
console.warn: services.settings: Allow by setting MOZ_REMOTE_SETTINGS_DEVTOOLS=1 in the environment
1696691996857	Marionette	INFO	Marionette enabled
Dynamically enable window occlusion 0
1696691997159	Marionette	INFO	Listening on port 51284
WebDriver BiDi listening on ws://127.0.0.1:51277
Read port: 51284
1696691997714	RemoteAgent	WARN	TLS certificate errors will be ignored for this session
DevTools listening on ws://127.0.0.1:51277/devtools/browser/584f0af8-ed8a-43ab-a870-4ace3f183844
1696692026932	addons.xpi	ERROR	System addon update list error SyntaxError: XMLHttpRequest.open: 'http://%(server)s/dummy-system-addons.xml' is not a valid URL.
JavaScript warning: https://www.gstatic.com/_/mss/boq-one-google/_/js/k=boq-one-google.OneGoogleWidgetUi.en.yyhQtAhZiTc.es5.O/am=CABMGw/d=1/excm=_b,_tp,calloutview/ed=1/dg=0/wt=2/ujg=1/rs=AM-SdHtoYOZ1XFxFwiXEW-VmY_Wu-DFDDg/m=_b,_tp, line 240: Script terminated by timeout at:
_.lm.prototype.init@https://www.gstatic.com/_/mss/boq-one-google/_/js/k=boq-one-google.OneGoogleWidgetUi.en.yyhQtAhZiTc.es5.O/am=CABMGw/d=1/excm=_b,_tp,calloutview/ed=1/dg=0/wt=2/ujg=1/rs=AM-SdHtoYOZ1XFxFwiXEW-VmY_Wu-DFDDg/m=_b,_tp:240:183
_.lm@https://www.gstatic.com/_/mss/boq-one-google/_/js/k=boq-one-google.OneGoogleWidgetUi.en.yyhQtAhZiTc.es5.O/am=CABMGw/d=1/excm=_b,_tp,calloutview/ed=1/dg=0/wt=2/ujg=1/rs=AM-SdHtoYOZ1XFxFwiXEW-VmY_Wu-DFDDg/m=_b,_tp:237:1423
Cm@https://www.gstatic.com/_/mss/boq-one-google/_/js/k=boq-one-google.OneGoogleWidgetUi.en.yyhQtAhZiTc.es5.O/am=CABMGw/d=1/excm=_b,_tp,calloutview/ed=1/dg=0/wt=2/ujg=1/rs=AM-SdHtoYOZ1XFxFwiXEW-VmY_Wu-DFDDg/m=_b,_tp:244:411
c@https://www.gstatic.com/_/mss/boq-one-google/_/js/k=boq-one-google.OneGoogleWidgetUi.en.yyhQtAhZiTc.es5.O/am=CABMGw/d=1/excm=_b,_tp,calloutview/ed=1/dg=0/wt=2/ujg=1/rs=AM-SdHtoYOZ1XFxFwiXEW-VmY_Wu-DFDDg/m=_b,_tp:251:252
b@https://www.gstatic.com/_/mss/boq-one-google/_/js/k=boq-one-google.OneGoogleWidgetUi.en.yyhQtAhZiTc.es5.O/am=CABMGw/d=1/excm=_b,_tp,calloutview/ed=1/dg=0/wt=2/ujg=1/rs=AM-SdHtoYOZ1XFxFwiXEW-VmY_Wu-DFDDg/m=_b,_tp:243:48

1696692028655	Marionette	INFO	Stopped listening on port 51284
Dynamically enable window occlusion 1
console.warn: services.settings: main/doh-providers sync interrupted by shutdown
console.warn: services.settings: main/doh-config sync interrupted by shutdown
console.warn: services.settings: main/devtools-devices sync interrupted by shutdown
console.error: (new AbortError("IndexedDB: main/websites-with-shared-credential-backends getLastModified() IndexedDB:  execute() A request was aborted, for example through a call to IDBTransaction.abort.", "resource://services-settings/IDBHelpers.sys.mjs", 16))
1696692557664	geckodriver	INFO	Listening on 127.0.0.1:51347
1696692560680	mozrunner::runner	INFO	Running command: "C:\\Program Files (x86)\\Mozilla Firefox\\firefox.exe" "--marionette" "--remote-debugging-port" "51348" "--remote-allow-hosts" "localhost" "-no-remote" "-profile" "C:\\Users\\Sonal\\AppData\\Local\\Temp\\rust_mozprofileo1ACAs"
console.warn: services.settings: Ignoring preference override of remote settings server
console.warn: services.settings: Allow by setting MOZ_REMOTE_SETTINGS_DEVTOOLS=1 in the environment
1696692561649	Marionette	INFO	Marionette enabled
Dynamically enable window occlusion 0
1696692561983	Marionette	INFO	Listening on port 51355
Read port: 51355
WebDriver BiDi listening on ws://127.0.0.1:51348
1696692562327	RemoteAgent	WARN	TLS certificate errors will be ignored for this session
DevTools listening on ws://127.0.0.1:51348/devtools/browser/758adcaf-0e15-44e4-90e5-1e0efb0b5d3b
1696692591728	addons.xpi	ERROR	System addon update list error SyntaxError: XMLHttpRequest.open: 'http://%(server)s/dummy-system-addons.xml' is not a valid URL.
JavaScript warning: https://www.google.com/xjs/_/js/k=xjs.hd.en.18MIgTW6lxU.O/am=CAAAAAAAAAAAAAAAAgAAEDUQDgFsgAECARAAAAABACiIgAhCMACAgEeZAAAICQCEwACIg3sAACRUAwAAAABA2A8AAABAAACABQACAGgNYEAIUAQEAAAAQB4AgAcAGERYAAAAAAAAAAAAAAFPEAwuSAAEBEAAAAAAAAAAAACAVDZ5YQAB/d=1/ed=1/dg=2/rs=ACT90oFrx-nI3igCSjoh0fDmJUNHhEW3rg/m=cdos,cr,hsm,jsa,mb4ZUb,d,csi,cEt90b,SNUn3,qddgKe,sTsDMc,dtl0hd,eHDfl, line 2080: Script terminated by timeout at:
Amc@https://www.google.com/xjs/_/js/k=xjs.hd.en.18MIgTW6lxU.O/am=CAAAAAAAAAAAAAAAAgAAEDUQDgFsgAECARAAAAABACiIgAhCMACAgEeZAAAICQCEwACIg3sAACRUAwAAAABA2A8AAABAAACABQACAGgNYEAIUAQEAAAAQB4AgAcAGERYAAAAAAAAAAAAAAFPEAwuSAAEBEAAAAAAAAAAAACAVDZ5YQAB/d=1/ed=1/dg=2/rs=ACT90oFrx-nI3igCSjoh0fDmJUNHhEW3rg/m=cdos,cr,hsm,jsa,mb4ZUb,d,csi,cEt90b,SNUn3,qddgKe,sTsDMc,dtl0hd,eHDfl:2080:23
@https://www.google.com/xjs/_/js/k=xjs.hd.en.18MIgTW6lxU.O/am=CAAAAAAAAAAAAAAAAgAAEDUQDgFsgAECARAAAAABACiIgAhCMACAgEeZAAAICQCEwACIg3sAACRUAwAAAABA2A8AAABAAACABQACAGgNYEAIUAQEAAAAQB4AgAcAGERYAAAAAAAAAAAAAAFPEAwuSAAEBEAAAAAAAAAAAACAVDZ5YQAB/d=1/ed=1/dg=2/rs=ACT90oFrx-nI3igCSjoh0fDmJUNHhEW3rg/m=cdos,cr,hsm,jsa,mb4ZUb,d,csi,cEt90b,SNUn3,qddgKe,sTsDMc,dtl0hd,eHDfl:2088:52
_.k.O3a@https://www.google.com/xjs/_/js/k=xjs.hd.en.18MIgTW6lxU.O/am=CAAAAAAAAAAAAAAAAgAAEDUQDgFsgAECARAAAAABACiIgAhCMACAgEeZAAAICQCEwACIg3sAACRUAwAAAABA2A8AAABAAACABQACAGgNYEAIUAQEAAAAQB4AgAcAGERYAAAAAAAAAAAAAAFPEAwuSAAEBEAAAAAAAAAAAACAVDZ5YQAB/d=1/ed=1/dg=2/rs=ACT90oFrx-nI3igCSjoh0fDmJUNHhEW3rg/m=cdos,cr,hsm,jsa,mb4ZUb,d,csi,cEt90b,SNUn3,qddgKe,sTsDMc,dtl0hd,eHDfl:425:217
_.k.dispatchEvent@https://www.google.com/xjs/_/js/k=xjs.hd.en.18MIgTW6lxU.O/am=CAAAAAAAAAAAAAAAAgAAEDUQDgFsgAECARAAAAABACiIgAhCMACAgEeZAAAICQCEwACIg3sAACRUAwAAAABA2A8AAABAAACABQACAGgNYEAIUAQEAAAAQB4AgAcAGERYAAAAAAAAAAAAAAFPEAwuSAAEBEAAAAAAAAAAAACAVDZ5YQAB/d=1/ed=1/dg=2/rs=ACT90oFrx-nI3igCSjoh0fDmJUNHhEW3rg/m=cdos,cr,hsm,jsa,mb4ZUb,d,csi,cEt90b,SNUn3,qddgKe,sTsDMc,dtl0hd,eHDfl:423:363
_.Yc.prototype.Ja@https://www.google.com/xjs/_/js/k=xjs.hd.en.18MIgTW6lxU.O/am=CAAAAAAAAAAAAAAAAgAAEDUQDgFsgAECARAAAAABACiIgAhCMACAgEeZAAAICQCEwACIg3sAACRUAwAAAABA2A8AAABAAACABQACAGgNYEAIUAQEAAAAQB4AgAcAGERYAAAAAAAAAAAAAAFPEAwuSAAEBEAAAAAAAAAAAACAVDZ5YQAB/d=1/ed=1/dg=2/rs=ACT90oFrx-nI3igCSjoh0fDmJUNHhEW3rg/m=cdos,cr,hsm,jsa,mb4ZUb,d,csi,cEt90b,SNUn3,qddgKe,sTsDMc,dtl0hd,eHDfl:656:295
hua@https://www.google.com/xjs/_/js/k=xjs.hd.en.18MIgTW6lxU.O/am=CAAAAAAAAAAAAAAAAgAAEDUQDgFsgAECARAAAAABACiIgAhCMACAgEeZAAAICQCEwACIg3sAACRUAwAAAABA2A8AAABAAACABQACAGgNYEAIUAQEAAAAQB4AgAcAGERYAAAAAAAAAAAAAAFPEAwuSAAEBEAAAAAAAAAAAACAVDZ5YQAB/d=1/ed=1/dg=2/rs=ACT90oFrx-nI3igCSjoh0fDmJUNHhEW3rg/m=cdos,cr,hsm,jsa,mb4ZUb,d,csi,cEt90b,SNUn3,qddgKe,sTsDMc,dtl0hd,eHDfl:421:292
eua@https://www.google.com/xjs/_/js/k=xjs.hd.en.18MIgTW6lxU.O/am=CAAAAAAAAAAAAAAAAgAAEDUQDgFsgAECARAAAAABACiIgAhCMACAgEeZAAAICQCEwACIg3sAACRUAwAAAABA2A8AAABAAACABQACAGgNYEAIUAQEAAAAQB4AgAcAGERYAAAAAAAAAAAAAAFPEAwuSAAEBEAAAAAAAAAAAACAVDZ5YQAB/d=1/ed=1/dg=2/rs=ACT90oFrx-nI3igCSjoh0fDmJUNHhEW3rg/m=cdos,cr,hsm,jsa,mb4ZUb,d,csi,cEt90b,SNUn3,qddgKe,sTsDMc,dtl0hd,eHDfl:421:341
b@https://www.google.com/xjs/_/js/k=xjs.hd.en.18MIgTW6lxU.O/am=CAAAAAAAAAAAAAAAAgAAEDUQDgFsgAECARAAAAABACiIgAhCMACAgEeZAAAICQCEwACIg3sAACRUAwAAAABA2A8AAABAAACABQACAGgNYEAIUAQEAAAAQB4AgAcAGERYAAAAAAAAAAAAAAFPEAwuSAAEBEAAAAAAAAAAAACAVDZ5YQAB/d=1/ed=1/dg=2/rs=ACT90oFrx-nI3igCSjoh0fDmJUNHhEW3rg/m=cdos,cr,hsm,jsa,mb4ZUb,d,csi,cEt90b,SNUn3,qddgKe,sTsDMc,dtl0hd,eHDfl:417:49

1696692593777	Marionette	INFO	Stopped listening on port 51355
Dynamically enable window occlusion 1
console.warn: services.settings: main/devtools-devices sync interrupted by shutdown
console.warn: services.settings: main/websites-with-shared-credential-backends sync interrupted by shutdown
console.warn: services.settings: main/devtools-compatibility-browsers sync interrupted by shutdown
console.warn: services.settings: main/language-dictionaries sync interrupted by shutdown
console.warn: services.settings: main/password-recipes sync interrupted by shutdown
console.warn: services.settings: main/password-rules sync interrupted by shutdown
console.warn: services.settings: main/translations-identification-models sync interrupted by shutdown
console.warn: services.settings: main/translations-wasm sync interrupted by shutdown
console.warn: services.settings: main/fxmonitor-breaches sync interrupted by shutdown
console.warn: services.settings: main/search-config sync interrupted by shutdown
console.warn: services.settings: main/translations-models sync interrupted by shutdown
console.warn: services.settings: main/url-classifier-skip-urls sync interrupted by shutdown
console.warn: services.settings: security-state/cert-revocations sync interrupted by shutdown
console.warn: services.settings: security-state/intermediates sync interrupted by shutdown
console.warn: services.settings: security-state/onecrl sync interrupted by shutdown
1696709587394	geckodriver	INFO	Listening on 127.0.0.1:54184
1696709590428	mozrunner::runner	INFO	Running command: "C:\\Program Files (x86)\\Mozilla Firefox\\firefox.exe" "--marionette" "--remote-debugging-port" "54185" "--remote-allow-hosts" "localhost" "-no-remote" "-profile" "C:\\Users\\Sonal\\AppData\\Local\\Temp\\rust_mozprofileHIz5dM"
console.warn: services.settings: Ignoring preference override of remote settings server
console.warn: services.settings: Allow by setting MOZ_REMOTE_SETTINGS_DEVTOOLS=1 in the environment
1696709591931	Marionette	INFO	Marionette enabled
Dynamically enable window occlusion 0
1696709592297	Marionette	INFO	Listening on port 54192
Read port: 54192
WebDriver BiDi listening on ws://127.0.0.1:54185
1696709592609	RemoteAgent	WARN	TLS certificate errors will be ignored for this session
DevTools listening on ws://127.0.0.1:54185/devtools/browser/03bd84a8-676a-42f4-a0aa-a7e01491ee61
1696709624094	addons.xpi	ERROR	System addon update list error SyntaxError: XMLHttpRequest.open: 'http://%(server)s/dummy-system-addons.xml' is not a valid URL.
JavaScript warning: https://www.google.com/xjs/_/js/k=xjs.hd.en.sDCtftGdWoU.O/am=CAAAAAAAAAAAAAAAAgAAEDUQDgFsgAECARAAAAABACiIIIIQDAAg4FEmAACEBABCYADEgXkAACRUAwAAAABA2A8AAABAAACABQACAGgNYEAIWAQEAAAAQB4AgAcAGERYAAAAAAAAAAAAAAFPEAwuSAAEBEAAAAAAAAAAAACAVDZ5YQAB/d=1/ed=1/dg=2/rs=ACT90oEvkJwV0NgVbO9ZkEUFH6Y5juDv3A/m=cdos,cr,hsm,jsa,mb4ZUb,d,csi,cEt90b,SNUn3,qddgKe,sTsDMc,dtl0hd,eHDfl, line 416: Script terminated by timeout at:
b@https://www.google.com/xjs/_/js/k=xjs.hd.en.sDCtftGdWoU.O/am=CAAAAAAAAAAAAAAAAgAAEDUQDgFsgAECARAAAAABACiIIIIQDAAg4FEmAACEBABCYADEgXkAACRUAwAAAABA2A8AAABAAACABQACAGgNYEAIWAQEAAAAQB4AgAcAGERYAAAAAAAAAAAAAAFPEAwuSAAEBEAAAAAAAAAAAACAVDZ5YQAB/d=1/ed=1/dg=2/rs=ACT90oEvkJwV0NgVbO9ZkEUFH6Y5juDv3A/m=cdos,cr,hsm,jsa,mb4ZUb,d,csi,cEt90b,SNUn3,qddgKe,sTsDMc,dtl0hd,eHDfl:416:40

1696709690411	Marionette	INFO	Stopped listening on port 54192
Dynamically enable window occlusion 1
)s/dummy-system-addons.xml' is not a valid URL.
1696709691027	Marionette	INFO	Stopped listening on port 54239
Dynamically enable window occlusion 1
te" "-profile" "C:\\Users\\Sonal\\AppData\\Local\\Temp\\rust_mozprofileVHdA9h"
console.warn: services.settings: Ignoring preference override of remote settings server
console.warn: services.settings: Allow by setting MOZ_REMOTE_SETTINGS_DEVTOOLS=1 in the environment
1696709631091	Marionette	INFO	Marionette enabled
Dynamically enable window occlusion 0
1696709631426	Marionette	INFO	Listening on port 54286
WebDriver BiDi listening on ws://127.0.0.1:54278
Read port: 54286
1696709632314	RemoteAgent	WARN	TLS certificate errors will be ignored for this session
DevTools listening on ws://127.0.0.1:54278/devtools/browser/b5fb5dd4-00fa-4a27-9d7f-a43650612a0d
console.error: ({})
1696709663293	addons.xpi	ERROR	System addon update list error SyntaxError: XMLHttpRequest.open: 'http://%(server)s/dummy-system-addons.xml' is not a valid URL.
1696709688678	Marionette	INFO	Stopped listening on port 54286
Dynamically enable window occlusion 1
1696712127105	geckodriver	INFO	Listening on 127.0.0.1:54911
1696712130169	mozrunner::runner	INFO	Running command: "C:\\Program Files (x86)\\Mozilla Firefox\\firefox.exe" "--marionette" "--remote-debugging-port" "54912" "--remote-allow-hosts" "localhost" "-no-remote" "-profile" "C:\\Users\\Sonal\\AppData\\Local\\Temp\\rust_mozprofileJmBO36"
console.warn: services.settings: Ignoring preference override of remote settings server
console.warn: services.settings: Allow by setting MOZ_REMOTE_SETTINGS_DEVTOOLS=1 in the environment
1696712132600	Marionette	INFO	Marionette enabled
Dynamically enable window occlusion 0
1696712133012	Marionette	INFO	Listening on port 54919
WebDriver BiDi listening on ws://127.0.0.1:54912
Read port: 54919
1696712134120	RemoteAgent	WARN	TLS certificate errors will be ignored for this session
DevTools listening on ws://127.0.0.1:54912/devtools/browser/0d5e72d9-c2af-4985-9e33-9bf5b74b2420
1696712162783	addons.xpi	ERROR	System addon update list error SyntaxError: XMLHttpRequest.open: 'http://%(server)s/dummy-system-addons.xml' is not a valid URL.
[GFX1-]: CompositorBridgeChild receives IPC close with reason=AbnormalShutdown
[GFX1-]: CompositorBridgeChild receives IPC close with reason=AbnormalShutdown
[GFX1-]: CompositorBridgeChild receives IPC close with reason=AbnormalShutdown
[GFX1-]: CompositorBridgeChild receives IPC close [GFX1-]: CompositorBridgeChild receives IPC close with reason=AbnormalShutdown
with reason=AbnormalShutdown
[GFX1-]: CompositorBridgeChild receives IPC close with reason=AbnormalShutdown
[GFX1-]: IPC Channel is already torn down unexpectedly

A content process crashed and MOZ_CRASHREPORTER_SHUTDOWN is set, shutting down
ertificate errors will be ignored for this session
DevTools listening on ws://127.0.0.1:54959/devtools/browser/56d60cbc-96f1-40ea-b247-31a8b4fa984f
console.error: ({})
1696712182390	addons.xpi	ERROR	System addon update list error SyntaxError: XMLHttpRequest.open: 'http://%(server)s/dummy-system-addons.xml' is not a valid URL.
A content process crashed and MOZ_CRASHREPORTER_SHUTDOWN is set, shutting down
JavaScript warning: chrome://global/content/elements/marquee.js, line 353: Script terminated by timeout at:
myTimeOutFunction@chrome://global/content/elements/marquee.js:353:7

s server
console.warn: services.settings: Allow by setting MOZ_REMOTE_SETTINGS_DEVTOOLS=1 in the environment
1696712171738	Marionette	INFO	Marionette enabled
Dynamically enable window occlusion 0
1696712172204	Marionette	INFO	Listening on port 55016
WebDriver BiDi listening on ws://127.0.0.1:55008
Read port: 55016
1696712173214	RemoteAgent	WARN	TLS certificate errors will be ignored for this session
DevTools listening on ws://127.0.0.1:55008/devtools/browser/d37a75f6-04eb-42a4-b9e8-2adebe736baa
console.error: ({})
1696712199600	geckodriver	INFO	Listening on 127.0.0.1:55061
1696712202599	mozrunner::runner	INFO	Running command: "C:\\Program Files (x86)\\Mozilla Firefox\\firefox.exe" "--marionette" "--remote-debugging-port" "55062" "--remote-allow-hosts" "localhost" "-no-remote" "-profile" "C:\\Users\\Sonal\\AppData\\Local\\Temp\\rust_mozprofileRqsISc"
console.warn: services.settings: Ignoring preference override of remote settings server
console.warn: services.settings: Allow by setting MOZ_REMOTE_SETTINGS_DEVTOOLS=1 in the environment
1696712203870	Marionette	INFO	Marionette enabled
Dynamically enable window occlusion 0
1696712204234	Marionette	INFO	Listening on port 55069
WebDriver BiDi listening on ws://127.0.0.1:55062
Read port: 55069
1696712204904	RemoteAgent	WARN	TLS certificate errors will be ignored for this session
DevTools listening on ws://127.0.0.1:55062/devtools/browser/44d194a5-ea80-4631-afb2-fbe54586cf2b
1696712236116	addons.xpi	ERROR	System addon update list error SyntaxError: XMLHttpRequest.open: 'http://%(server)s/dummy-system-addons.xml' is not a valid URL.
[GFX1-]: CompositorBridgeChild receives IPC close with reason=AbnormalShutdown
[GFX1-]: CompositorBridgeChild receives IPC close with reason=AbnormalShutdown
[GFX1-]: CompositorBridgeChild receives IPC close with reason=AbnormalShutdown
[GFX1-]: Compo[GFX1-]: CompositorBridgeChild receives IPC close with reason=AbnormalShutdown
[GFX1-]: CompositorBridgeChild receives IPC close with reason=AbnormalShusitorBridgeChild receives IPC close with reason=AbnormalShutdown
tdown
A content process crashed and MOZ_CRASHREPORTER_SHUTDOWN is set, shutting down
JavaScript warning: https://www.google.com/xjs/_/js/k=xjs.hd.en.sDCtftGdWoU.O/ck=xjs.hd.JxNhYoDGyVE.L.F4.O/am=CAAAAAAAAAAAAAAAAgAAEDUQDgFsgAECARAAAAABACiIIIIQDAAg4FEmAACEBABCYADEgXkAACRUAwAAAABA2A8AAABAAACABwACAGgNYEAIWAQEAAAAQB4AgAcAGERYAAAAAAAAAAAAAAFPEAwuSAAEBEAAAAAAAAAAAACAVDZ5YQAB/d=0/dg=2/rs=ACT90oHKnWZBqlcPfL9y6Kv5B4m8E1z3XA/m=sb_wiz,aa,abd,syoe,syof,syog,syoj,syok,syol,syom,syon,syoo,syop,syoq,syor,syos,synd,syoc,syod,syou,syov,symy,syn0,symz,symx,syow,syoy,syox,syot,syoz,syp0,syp1,syp2,syp3,syp7,syel,sypi,sypb,sypj,syp9,sypc,sypa,syph,sypf,sytl,sypd,syxj,syxi,syxk,async,mu,pHXghd,sf,syng,synf,rtH1bd,synv,syt6,symc,sywl,sy10n,sy10o,sy10p,sy10q,sy10r,sy10s,EkevXb,syll,B2qlPe,syrb,NzU6V,syub,GU4Gab,sytp,sytq,loL8vb,syth,sytr,ms4mZb,sysd,syse,syso,sysp,sysc,DhPYme,MpJwZc,UUJqVe,sy6y,sOXFj,sy6x,s39S4,nAFL3,oGtA1696712259262	Marionette	INFO	Stopped listening on port 55118
Dynamically enable window occlusion 1
A content process crashed and MOZ_CRASHREPORTER_SHUTDOWN is set, shutting down
A content process crashed and MOZ_CRASHREPORTER_SHUTDOWN is set, shutting down
06,sy107,sy108,sy109,epYOx?xjs=s3, line 488: Script terminated by timeout at:
hkc/<@https://www.google.com/xjs/_/js/k=xjs.hd.en.sDCtftGdWoU.O/ck=xjs.hd.JxNhYoDGyVE.L.F4.O/am=CAAAAAAAAAAAAAAAAgAAEDUQDgFsgAECARAAAAABACiIIIIQDAAg4FEmAACEBABCYADEgXkAACRUAwAAAABA2A8AAABAAACABwACAGgNYEAIWAQEAAAAQB4AgAcAGERYAAAAAAAAAAAAAAFPEAwuSAAEBEAAAAAAAAAAAACAVDZ5YQAB/d=0/dg=2/rs=ACT90oHKnWZBqlcPfL9y6Kv5B4m8E1z3XA/m=sb_wiz,aa,abd,syoe,syof,syog,syoj,syok,syol,syom,syon,syoo,syop,syoq,syor,syos,synd,syoc,syod,syou,syov,symy,syn0,symz,symx,syow,syoy,syox,syot,syoz,syp0,syp1,syp2,syp3,syp7,syel,sypi,sypb,sypj,syp9,sypc,sypa,syph,sypf,sytl,sypd,syxj,syxi,syxk,async,mu,pHXghd,sf,syng,synf,rtH1bd,synv,syt6,symc,sywl,sy10n,sy10o,sy10p,sy10q,sy10r,sy10s,EkevXb,syll,B2qlPe,syrb,NzU6V,syub,GU4Gab,sytp,sytq,loL8vb,syth,sytr,ms4mZb,sysd,syse,syso,sysp,sysc,DhPYme,MpJwZc,UUJqVe,sy6y,sOXFj,sy6x,s39S4,nAFL3,oGtAuc,sy7q,sy7r,q0xTif,sywa,sywb,sy75,syrx,sywd,sywe,sywf,sywc,sywg,sywh,sywi,syz7,syza,syzb,syzc,symw,syzd,syze,syzf,syzg,syzh,syzi,syzj,syzk,syzl,syiy,syiz,syzm,syzn,syzo,syzp,syzq,syzr,syzs,syzu,syzt,syzv,syzw,sy9k,sye6,syzy,syzz,syzx,sy100,sy101,sy102,sy103,sy106,sy107,sy108,sy109,epYOx?xjs=s3:488:991

1696712418930	geckodriver	INFO	Listening on 127.0.0.1:55236
1696712422011	mozrunner::runner	INFO	Running command: "C:\\Program Files (x86)\\Mozilla Firefox\\firefox.exe" "--marionette" "--remote-debugging-port" "55237" "--remote-allow-hosts" "localhost" "-no-remote" "-profile" "C:\\Users\\Sonal\\AppData\\Local\\Temp\\rust_mozprofileEGCvCm"
console.warn: services.settings: Ignoring preference override of remote settings server
console.warn: services.settings: Allow by setting MOZ_REMOTE_SETTINGS_DEVTOOLS=1 in the environment
1696712423506	Marionette	INFO	Marionette enabled
Dynamically enable window occlusion 0
1696712423907	Marionette	INFO	Listening on port 55244
Read port: 55244
WebDriver BiDi listening on ws://127.0.0.1:55237
1696712424532	RemoteAgent	WARN	TLS certificate errors will be ignored for this session
DevTools listening on ws://127.0.0.1:55237/devtools/browser/9104dd7a-e088-444d-80f8-7a2e7b19f4e3
1696712453693	addons.xpi	ERROR	System addon update list error SyntaxError: XMLHttpRequest.open: 'http://%(server)s/dummy-system-addons.xml' is not a valid URL.
JavaScript warning: https://www.gstatic.com/_/mss/boq-one-google/_/js/k=boq-one-google.OneGoogleWidgetUi.en.yyhQtAhZiTc.es5.O/am=CABMGw/d=1/excm=_b,_tp,calloutview/ed=1/dg=0/wt=2/ujg=1/rs=AM-SdHtoYOZ1XFxFwiXEW-VmY_Wu-DFDDg/m=_b,_tp, line 205: Script terminated by timeout at:
_.rc<@https://www.gstatic.com/_/mss/boq-one-google/_/js/k=boq-one-google.OneGoogleWidgetUi.en.yyhQtAhZiTc.es5.O/am=CABMGw/d=1/excm=_b,_tp,calloutview/ed=1/dg=0/wt=2/ujg=1/rs=AM-SdHtoYOZ1XFxFwiXEW-VmY_Wu-DFDDg/m=_b,_tp:205:1012
_.Bj@https://www.gstatic.com/_/mss/boq-one-google/_/js/k=boq-one-google.OneGoogleWidgetUi.en.yyhQtAhZiTc.es5.O/am=CABMGw/d=1/excm=_b,_tp,calloutview/ed=1/dg=0/wt=2/ujg=1/rs=AM-SdHtoYOZ1XFxFwiXEW-VmY_Wu-DFDDg/m=_b,_tp:207:164
_.Gj@https://www.gstatic.com/_/mss/boq-one-google/_/js/k=boq-one-google.OneGoogleWidgetUi.en.yyhQtAhZiTc.es5.O/am=CABMGw/d=1/excm=_b,_tp,calloutview/ed=1/dg=0/wt=2/ujg=1/rs=AM-SdHtoYOZ1XFxFwiXEW-VmY_Wu-DFDDg/m=_b,_tp:201696712667057	Marionette	INFO	Stopped listening on port 55292
Dynamically enable window occlusion 1
tAhZiTc.es5.O/ck=boq-one-google.OneGoogleWidgetUi.naml2Zqeu6A.L.F4.O/am=CABMGw/d=1/exm=_b,_tp/excm=_b,_tp,calloutview/ed=1/wt=2/ujg=1/rs=AM-SdHvcTK2pzinIOdJ-tfWNnW0j_GPBAg/ee=EVNhjf:pw70Gc;EmZ2Bf:zr1jrb;Erl4fe:FloWmf;JsbNhc:Xd8iUd;LBgRLc:SdcwHb;Me32dd:MEeYgc;NPKaK:SdcwHb;NSEoX:lazG7b;Oj465e:KG2eXe;Pjplud:EEDORb;QGR0gd:Mlhmy;SNUn3:ZwDk9d;a56pNe:JEfCwb;cEt90b:ws9Tlc;dIoSBb:SpsfSb;eBAeSb:zbML3c;iFQyKf:QIhFr;io8t5d:yDVVkb;kMFpHd:OTA3Ae;nAFL3:s39S4;oGtAuc:sOXFj;pXdRYb:MdUzUe;qddgKe:xQtZb;sP4Vbe:VwDzFe;uY49fb:COQbmf;ul9GGd:VDovNc;wR5FRb:O1Gjze;xqZiqf:wmnU7d;yxTchf:KUM7Z;zxnPse:GkRiKb/m=ws9Tlc,n73qwf,GkRiKb,e5qFLc,IZT63,UUJqVe,O1Gjze,byfTOb,lsjVmc,xUdipf,OTA3Ae,COQbmf,fKUV3e,aurFic,U0aPgd,ZwDk9d,V3dDOb,mI3LFb,yYB61,O6y8ed,PrPYRd,MpJwZc,LEikZe,NwH0H,OmgaI,lazG7b,XVMNvd,L1AAkb,KUM7Z,Mlhmy,s39S4,lwddkf,gychg,w9hDv,EEDORb,RMhBfe,SdcwHb,aW3pY,pw70Gc,EFQ78c,Ulmmrd,ZfAoz,mdR7q,wmnU7d,xQtZb,JNoxi,kWgXee,MI6k7c,kjKdXe,BVgquf,QIhFr,ovKuLd,hKSk3e,yDVVkb,hc6Ubd,SpsfSb,KG2eXe,Z5uLle,MdUzUe,VwDzFe,zbML3c,A7fCU,zr1jrb,Uas9Hd,pjICDe:662:143
$D@https://www.gstatic.com/_/mss/boq-one-google/_/js/k=boq-one-google.OneGoogleWidgetUi.en.yyhQtAhZiTc.es5.O/ck=boq-one-google.OneGoogleWidgetUi.naml2Zqeu6A.L.F4.O/am=CABMGw/d=1/exm=_b,_tp/excm=_b,_tp,calloutview/ed=1/wt=2/ujg=1/rs=AM-SdHvcTK2pzinIOdJ-tfWNnW0j_GPBAg/ee=EVNhjf:pw70Gc;EmZ2Bf:zr1jrb;Erl4fe:FloWmf;JsbNhc:Xd8iUd;LBgRLc:SdcwHb;Me32dd:MEeYgc;NPKaK:SdcwHb;NSEoX:lazG7b;Oj465e:KG2eXe;Pjplud:EEDORb;QGR0gd:Mlhmy;SNUn3:ZwDk9d;a56pNe:JEfCwb;cEt90b:ws9Tlc;dIoSBb:SpsfSb;eBAeSb:zbML3c;iFQyKf:QIhFr;io8t5d:yDVVkb;kMFpHd:OTA3Ae;nAFL3:s39S4;oGtAuc:sOXFj;pXdRYb:MdUzUe;qddgKe:xQtZb;sP4Vbe:VwDzFe;uY49fb:COQbmf;ul9GGd:VDovNc;wR5FRb:O1Gjze;xqZiqf:wmnU7d;yxTchf:KUM7Z;zxnPse:GkRiKb/m=ws9Tlc,n73qwf,GkRiKb,e5qFLc,IZT63,UUJqVe,O1Gjze,byfTOb,lsjVmc,xUdipf,OTA3Ae,COQbmf,fKUV3e,aurFic,U0aPgd,ZwDk9d,V3dDOb,mI3LFb,yYB61,O6y8ed,PrPYRd,MpJwZc,LEikZe,NwH0H,OmgaI,lazG7b,XVMNvd,L1AAkb,KUM7Z,Mlhmy,s39S4,lwddkf,gychg,w9hDv,EEDORb,RMhBfe,SdcwHb,aW3pY,pw70Gc,EFQ78c,Ulmmrd,ZfAoz,mdR7q,wmnU7d,xQtZb,JNoxi,kWgXee,MI6k7c,kjKdXe,BVgquf,QIhFr,ovKuLd,hKSk3e,yDVVkb,hc6Ubd,SpsfSb,KG2eXe,Z5uLle,MdUzUe,VwDzFe,zbML3c,A7fCU,zr1jrb,Uas9Hd,pjICDe:662:82
bE.prototype.Ea@https://www.gstatic.com/_/mss/boq-one-google/_/js/k=boq-one-google.OneGoogleWidgetUi.en.yyhQtAhZiTc.es5.O/ck=boq-one-google.OneGoogleWidgetUi.naml2Zqeu6A.L.F4.O/am=CABMGw/d=1/exm=_b,_tp/excm=_b,_tp,calloutview/ed=1/wt=2/ujg=1/rs=AM-SdHvcTK2pzinIOdJ-tfWNnW0j_GPBAg/ee=EVNhjf:pw70Gc;EmZ2Bf:zr1jrb;Erl4fe:FloWmf;JsbNhc:Xd8iUd;LBgRLc:SdcwHb;Me32dd:MEeYgc;NPKaK:SdcwHb;NSEoX:lazG7b;Oj465e:KG2eXe;Pjplud:EEDORb;QGR0gd:Mlhmy;SNUn3:ZwDk9d;a56pNe:JEfCwb;cEt90b:ws9Tlc;dIoSBb:SpsfSb;eBAeSb:zbML3c;iFQyKf:QIhFr;io8t5d:yDVVkb;kMFpHd:OTA3Ae;nAFL3:s39S4;oGtAuc:sOXFj;pXdRYb:MdUzUe;qddgKe:xQtZb;sP4Vbe:VwDzFe;uY49fb:COQbmf;ul9GGd:VDovNc;wR5FRb:O1Gjze;xqZiqf:wmnU7d;yxTchf:KUM7Z;zxnPse:GkRiKb/m=ws9Tlc,n73qwf,GkRiKb,e5qFLc,IZT63,UUJqVe,O1Gjze,byfTOb,lsjVmc,xUdipf,OTA3Ae,COQbmf,fKUV3e,aurFic,U0aPgd,ZwDk9d,V3dDOb,mI3LFb,yYB61,O6y8ed,PrPYRd,MpJwZc,LEikZe,NwH0H,OmgaI,lazG7b,XVMNvd,L1AAkb,KUM7Z,Mlhmy,s39S4,lwddkf,gychg,w9hDv,EEDORb,RMhBfe,SdcwHb,aW3pY,pw70Gc,EFQ78c,Ulmmrd,ZfAoz,mdR7q,wmnU7d,xQtZb,JNoxi,kWgXee,MI6k7c,kjKdXe,BVgquf,QIhFr,ovKuLd,hKSk3e,yDVVkb,hc6Ubd,SpsfSb,KG2eXe,Z5uLle,MdUzUe,VwDzFe,zbML3c,A7fCU,zr1jrb,Uas9Hd,pjICDe:671:77
bE/<@https://www.gstatic.com/_/mss/boq-one-google/_/js/k=boq-one-google.OneGoogleWidgetUi.en.yyhQtAhZiTc.es5.O/ck=boq-one-google.OneGoogleWidgetUi.naml2Zqeu6A.L.F4.O/am=CABMGw/d=1/exm=_b,_tp/excm=_b,_tp,calloutview/ed=1/wt=2/ujg=1/rs=AM-SdHvcTK2pzinIOdJ-tfWNnW0j_GPBAg/ee=EVNhjf:pw70Gc;EmZ2Bf:zr1jrb;Erl4fe:FloWmf;JsbNhc:Xd8iUd;LBgRLc:SdcwHb;Me32dd:MEeYgc;NPKaK:SdcwHb;NSEoX:lazG7b;Oj465e:KG2eXe;Pjplud:EEDORb;QGR0gd:Mlhmy;SNUn3:ZwDk9d;a56pNe:JEfCwb;cEt90b:ws9Tlc;dIoSBb:SpsfSb;eBAeSb:zbML3c;iFQyKf:QIhFr;io8t5d:yDVVkb;kMFpHd:OTA3Ae;nAFL3:s39S4;oGtAuc:sOXFj;pXdRYb:MdUzUe;qddgKe:xQtZb;sP4Vbe:VwDzFe;uY49fb:COQbmf;ul9GGd:VDovNc;wR5FRb:O1Gjze;xqZiqf:wmnU7d;yxTchf:KUM7Z;zxnPse:GkRiKb/m=ws9Tlc,n73qwf,GkRiKb,e5qFLc,IZT63,UUJqVe,O1Gjze,byfTOb,lsjVmc,xUdipf,OTA3Ae,COQbmf,fKUV3e,aurFic,U0aPgd,ZwDk9d,V3dDOb,mI3LFb,yYB61,O6y8ed,PrPYRd,MpJwZc,LEikZe,NwH0H,OmgaI,lazG7b,XVMNvd,L1AAkb,KUM7Z,Mlhmy,s39S4,lwddkf,gychg,w9hDv,EEDORb,RMhBfe,SdcwHb,aW3pY,pw70Gc,EFQ78c,Ulmmrd,ZfAoz,mdR7q,wmnU7d,xQtZb,JNoxi,kWgXee,MI6k7c,kjKdXe,BVgquf,QIhFr,ovKuLd,hKSk3e,yDVVkb,hc6Ubd,SpsfSb,KG2eXe,Z5uLle,MdUzUe,VwDzFe,zbML3c,A7fCU,zr1jrb,Uas9Hd,pjICDe:665:340
Cm@https://www.gstatic.com/_/mss/boq-one-google/_/js/k=boq-one-google.OneGoogleWidgetUi.en.yyhQtAhZiTc.es5.O/am=CABMGw/d=1/excm=_b,_tp,calloutview/ed=1/dg=0/wt=2/ujg=1/rs=AM-SdHtoYOZ1XFxFwiXEW-VmY_Wu-DFDDg/m=_b,_tp:244:482
c@https://www.gstatic.com/_/mss/boq-one-google/_/js/k=boq-one-google.OneGoogleWidgetUi.en.yyhQtAhZiTc.es5.O/am=CABMGw/d=1/excm=_b,_tp,calloutview/ed=1/dg=0/wt=2/ujg=1/rs=AM-SdHtoYOZ1XFxFwiXEW-VmY_Wu-DFDDg/m=_b,_tp:251:252
b@https://www.gstatic.com/_/mss/boq-one-google/_/js/k=boq-one-google.OneGoogleWidgetUi.en.yyhQtAhZiTc.es5.O/am=CABMGw/d=1/excm=_b,_tp,calloutview/ed=1/dg=0/wt=2/ujg=1/rs=AM-SdHtoYOZ1XFxFwiXEW-VmY_Wu-DFDDg/m=_b,_tp:243:48

1696712659349	Marionette	INFO	Stopped listening on port 55244
Dynamically enable window occlusion 1
1696712722116	geckodriver	INFO	Listening on 127.0.0.1:55394
1696712725217	mozrunner::runner	INFO	Running command: "C:\\Program Files (x86)\\Mozilla Firefox\\firefox.exe" "--marionette" "--remote-debugging-port" "55395" "--remote-allow-hosts" "localhost" "-no-remote" "-profile" "C:\\Users\\Sonal\\AppData\\Local\\Temp\\rust_mozprofileo5m1Kz"
console.warn: services.settings: Ignoring preference override of remote settings server
console.warn: services.settings: Allow by setting MOZ_REMOTE_SETTINGS_DEVTOOLS=1 in the environment
1696712727157	Marionette	INFO	Marionette enabled
Dynamically enable window occlusion 0
1696712727615	Marionette	INFO	Listening on port 55402
WebDriver BiDi listening on ws://127.0.0.1:55395
Read port: 55402
1696712728375	RemoteAgent	WARN	TLS certificate errors will be ignored for this session
DevTools listening on ws://127.0.0.1:55395/devtools/browser/f1c5ce07-c690-4e03-be10-6d011162255c
1696712759428	addons.xpi	ERROR	System addon update list error SyntaxError: XMLHttpRequest.open: 'http://%(server)s/dummy-system-addons.xml' is not a valid URL.
A content process crashed and MOZ_CRASHREPORTER_SHUTDOWN is set, shutting down
JavaScript warning: https://www.google.com/xjs/_/js/k=xjs.hd.en.sDCtftGdWoU.O/ck=xjs.hd.JxNhYoDGyVE.L.F4.O/am=CAAAAAAAAAAAAAAAAgAAEDUQDgFsgAECARAAAAABACiIIIIQDAAg4FEmAACEBABCYADEgXkAACRUAwAAAABA2A8AAABAAACABQACAGgNYEAIUAQEAAAAQB4AgAcAGERYAAAAAAAAAAAAAAFPEAwuSAAEBEAAAAAAAAAAAACAVDZ5YQAB/d=0/dg=2/rs=ACT90oEKGu-IQopheMsmLc33lkwXKsS47g/m=sb_wiz,aa,abd,synd,syoc,syod,syou,syov,symy,syn0,symz,symx,syow,syoy,syox,syot,syp7,syoj,syel,syof,syog,syok,syoo,sypi,sypb,sypj,syol,syom,syp9,sypc,sypa,syph,sypf,sytl,syoe,syon,syop,syoq,syor,syos,syoz,syp0,syp1,syp2,syp3,sypd,syxj,syxi,syxk,async,mu,pHXghd,sf,syng,synf,rtH1bd,synv,syt6,symc,sywl,sy10n,sy10o,sy10p,sy10q,sy10r,sy10s,EkevXb,syll,B2qlPe,syrb,NzU6V,syub,GU4Gab,sytp,sytq,loL8vb,syth,sytr,ms4mZb,sysd,syse,syso,sysp,sysc,DhPYme,MpJwZc,UUJqVe,sy6y,sOXFj,sy6x,s39S4,nAFL3,oGtAuc,sy7q,sy7r,q0xTif,sywa,sywb,sy75,syrx,sywd,sywe,sywf,sywc,sywg,sywh,sywi,syz7,syza,syzb,syzc,symw,syzd,syze,syzf,syzg,syzh,syzi,syzj,syzk,syzl,syiy,syiz,syzm,syzn,syzo,syzp,syzq,syzr,syzs,syzu,syzt,syzv,syzw,sy9k,sye6,syzy,syzz,syzx,sy100,sy101,sy102,sy103,sy106,sy107,sy108,sy109,epYOx?xjs=s3, line 484: Script terminated by timeout at:
hkc/<@https://www.google.com/xjs/_/js/k=xjs.hd.en.sDCtftGdWoU.O/ck=xjs.hd.JxNhYoDGyVE.L.F4.O/am=CAAAAAAAAAAAAAAAAgAAEDUQDgFsgAECARAAAAABACiIIIIQDAAg4FEmAACEBABCYADEgXkAACRUAwAAAABA2A8AAABAAACABQACAGgNYEAIUAQEAAAAQB4AgAcAGERYAAAAAAAAAAAAAAFPEAwuSAAEBEAAAAAAAAAAAACAVDZ5YQAB/d=0/dg=2/rs=ACT90oEKGu-IQopheMsmLc33lkwXKsS47g/m=sb_wiz,aa,abd,synd,syoc,syod,syou,syov,symy,syn0,symz,symx,syow,syoy,syox,syot,syp7,syoj,syel,syof,syog,syok,syoo,sypi,sypb,sypj,syol,syom,syp9,sypc,sypa,syph,sypf,sytl,syoe,syon,syop,syoq,syor,syos,syoz,syp0,syp1,syp2,syp3,sypd,syxj,syxi,syxk,async,mu,pHXghd,sf,syng,synf,rtH1bd,synv,syt6,symc,sywl,sy1A content process crashed and MOZ_CRASHREPORTER_SHUTDOWN is set, shutting down
JavaScript warning: chrome://global/content/elements/marquee.js, line 353: Script terminated by timeout at:
myTimeOutFunction@chrome://global/content/elements/marquee.js:353:7

[GFX1-[GFX1-]: CompositorBridgeChild receives IPC[GFX1-]: CompositorBridgeChild receives IPC close with reason=AbnormalShutdown
[GFX1-]: CompositorBridgeChild receives IPC close with reason=AbnormalShutdown
]: CompositorBridgeChild receives IPC close with reason=AbnormalShutdown
 close with reason=AbnormalShutdown
]: CompositorBridgeChild re[GFcXe1i-v]e:s  CIoPmCp ocsliotsoer Bwriitdhg erCehaislodn =rAebcneoirvmeasl SIhPuC cltodsoew nw
ith reason=AbnormalShutdown
1696712947588	geckodriver	INFO	Listening on 127.0.0.1:55558
1696712950611	mozrunner::runner	INFO	Running command: "C:\\Program Files (x86)\\Mozilla Firefox\\firefox.exe" "--marionette" "--remote-debugging-port" "55559" "--remote-allow-hosts" "localhost" "-no-remote" "-profile" "C:\\Users\\Sonal\\AppData\\Local\\Temp\\rust_mozprofilepTUxPZ"
console.warn: services.settings: Ignoring preference override of remote settings server
console.warn: services.settings: Allow by setting MOZ_REMOTE_SETTINGS_DEVTOOLS=1 in the environment
1696712951730	Marionette	INFO	Marionette enabled
Dynamically enable window occlusion 0
1696712952019	Marionette	INFO	Listening on port 55566
WebDriver BiDi listening on ws://127.0.0.1:55559
Read port: 55566
1696712952640	RemoteAgent	WARN	TLS certificate errors will be ignored for this session
DevTools listening on ws://127.0.0.1:55559/devtools/browser/ff7f17b4-79c1-4cdd-8f64-8ff6af910d4b
1696712983427	addons.xpi	ERROR	System addon update list error SyntaxError: XMLHttpRequest.open: 'http://%(server)s/dummy-system-addons.xml' is not a valid URL.
Shutting down due to socket process crash.
JavaScript warning: https://www.google.com/xjs/_/js/k=xjs.hd.en.sDCtftGdWoU.O/ck=xjs.hd.JxNhYoDGyVE.L.F4.O/am=CAAAAAAAAAAAAAAAAgAAEDUQDgFsgAECARAAAAABACiIIIIQDAAg4FEmAACEBABCYADEgXkAACRUAwAAAABA2A8AAABAAACABQACAGgNYEAIWAQEAAAAQB4AgAcAGERYAAAAAAAAAAAAAAFPEAwuSAAEBEAAAAAAAAAAAACAVDZ5YQAB/d=0/dg=2/rs=ACT90oGJfqu9ukzkX831h0qJG04hzU4PDg/m=sb_wiz,aa,abd,synd,syoc,syod,syou,syov,symy,syn0,symz,symx,syow,syoy,syox,syot,syp7,syoj,syel,syof,syog,syok,syoo,sypi,sypb,sypj,syol,syom,syp9,sypc,sypa,syph,sypf,sytl,syoe,syon,syop,syoq,syor,syos,syoz,syp0,syp1,syp2,syp3,sypd,syxj,syxi,syxk,async,mu,pHXghd,sf,sybc,syf6,syf7,symu,symv,symt,symn,symq,syyl,syyn,syyo,syym,sy7y,syam,syap,syaq,sy13p,sy1ak,sy1al,syn1,symw,syms,sy17n,sy4j0,sydu,sy1dm,sy5kv,spch,syng,synf,rtH1bd,synv,syt6,symc,sywl,sy10n,sy10o,sy10p,sy10q,sy10r,sy10s,EkevXb,syll,B2qlPe,syrb,NzU6V,syub,GU4Gab,sytp,sytq,loL8vb,syth,sytr,ms4mZb,sysd,syse,s[[GFX1-]: CompositorBridgeChild receives IPC close with reason=AbnormalShutdown
GFX1-]: CompositorBridgeChild receives IPC close with reason=AbnormalShutdown
[GFX1-]: CompositorBridgeChild receives IPC close with reason=AbnormalShutdown
[GFX1-]: CompositorBridgeChild receives IPC close with reason=AbnormalShutdown
[GFX1-]: CompositorBridgeChild receives IPC close with reason=AbnormalShutdown
[GFX1-]: CompositorBridgeChild receives IPC close with reason=AbnormalShutdown
[GFX1-]: IPC Channel is already torn down unexpectedly

[GFX1-]: IPC Channel is already torn down unexpectedly

[GFX1-]: IPC Channel is already torn down unexpectedly

[GFX1-]: IPC Channel is already torn down unexpectedly

[GFX1-]: IPC Channel is already torn down unexpectedly

A content process crashed and MOZ_CRASHREPORTER_SHUTDOWN is set, shutting down
JavaScript warning: chrome://global/content/elements/marquee.js, line 353: Script terminated by timeout at:
myTimeOutFunction@chrome://global/content/elements/marquee.js:353:7

[GFX1-]: VideoBridgeParent receives IPC close with reason=AbnormalShutdown
 receives IPC close with reason=AbnormalShutdown
A content process crashed and MOZ_CRASHREPORTER_SHUTDOWN is set, shutting down
1696713004695	Marionette	INFO	Stopped listening on port 55663
Dynamically enable window occlusion 1
Fj,sy6x,s39S4,nAFL3,oGtAuc,sy7q,sy7r,q0xTif,sywa,sywb,sy75,syrx,sywd,sywe,sywf,sywc,sywg,sywh,sywi,syz7,syza,syzb,syzc,syzd,syze,syzf,syzg,syzh,syzi,syzj,syzk,syzl,syiy,syiz,syzm,syzn,syzo,syzp,syzq,syzr,syzs,syzu,syzt,syzv,syzw,sy9k,sye6,syzy,syzz,syzx,sy100,sy101,sy102,sy103,sy106,sy107,sy108,sy109,epYOx?xjs=s3:717:991

A content process crashed and MOZ_CRASHREPORTER_SHUTDOWN is set, shutting down
1696713004750	Marionette	INFO	Stopped listening on port 55566
Dynamically enable window occlusion 1
1696760266574	geckodriver	INFO	Listening on 127.0.0.1:56118
1696760269739	mozrunner::runner	INFO	Running command: "C:\\Program Files (x86)\\Mozilla Firefox\\firefox.exe" "--marionette" "--remote-debugging-port" "56119" "--remote-allow-hosts" "localhost" "-no-remote" "-profile" "C:\\Users\\Sonal\\AppData\\Local\\Temp\\rust_mozprofile68Srf9"
console.warn: services.settings: Ignoring preference override of remote settings server
console.warn: services.settings: Allow by setting MOZ_REMOTE_SETTINGS_DEVTOOLS=1 in the environment
1696760271367	Marionette	INFO	Marionette enabled
Dynamically enable window occlusion 0
1696760271736	Marionette	INFO	Listening on port 56127
WebDriver BiDi listening on ws://127.0.0.1:56119
Read port: 56127
1696760272363	RemoteAgent	WARN	TLS certificate errors will be ignored for this session
DevTools listening on ws://127.0.0.1:56119/devtools/browser/6990fee4-d31f-4d82-9956-ebd9daf8aaa1
1696760302596	addons.xpi	ERROR	System addon update list error SyntaxError: XMLHttpRequest.open: 'http://%(server)s/dummy-system-addons.xml' is not a valid URL.
fox.exe" "--marionette" "--remote-debugging-port" "56169" "--remote-allow-hosts" "localhost" "-no-remote" "-profile" "C:\\Users\\Sonal\\AppData\\Local\\Temp\\rust_mozprofile3ncvUn"
console.warn: services.settings: Ignoring preference override of remote settings server
console.warn: services.settings: Allow by setting MOZ_REMOTE_SETTINGS_DEVTOOLS=1 in the environment
1696760288403	Marionette	INFO	Marionette enabled
Dynamically enable window occlusion 0
1696760288901	Marionette	INFO	Listening on port 56177
WebDriver BiDi listening on ws://127.0.0.1:56169
Read port: 56177
1696760289532	RemoteAgent	WARN	TLS certificate errors will be ignored for this session
DevTools listening on ws://127.0.0.1:56169/devtools/browser/44af4a06-c44b-48af-9a8f-ee4393a8fdf3
console.error: ({})
1696760319592	addons.xpi	ERROR	System addon update list error SyntaxError: XMLHttpRequest.open: 'http://%(server)s/dummy-system-addons.xml' is not a valid URL.
fox.exe" "--marionette" "--remote-debugging-port" "56209" "--remote-allow-hosts" "localhost" "-no-remote" "-profile" "C:\\Users\\Sonal\\AppData\\Local\\Temp\\rust_mozprofileDueJuP"
console.warn: services.settings: Ignoring preference override of remote settings server
console.warn: services.settings: Allow by setting MOZ_REMOTE_SETTINGS_DEVTOOLS=1 in the environment
1696760308429	Marionette	INFO	Marionette enabled
Dynamically enable window occlusion 0
1696760308843	Marionette	INFO	Listening on port 56225
WebDriver BiDi listening on ws://127.0.0.1:56209
Read port: 56225
1696760309806	RemoteAgent	WARN	TLS certificate errors will be ignored for this session
DevTools listening on ws://127.0.0.1:56209/devtools/browser/2f5b62c0-bf92-412c-ad02-3b18868ef1b0
console.error: ({})
[GFX1-]: CompositorBridgeChild receives IPC close with reason=AbnormalShutdown
[GFX1-]: CompositorBridgeChild recei[[GFX1-]: CompositorBridgeChild receives IPC close with reason=AbnormalShutdown
ves IPC close with reasoGFX1-]: CompositorBridgeChild receives IPC close with reason=A[[GFX1-]: CompositorBridgeChild receives IPC close with reason=AbnormalShutdown
n=AbnormalShutdown
bnormalShutdown
GFX1-]: CompositorBridgeChild receives IPC close with reason=AbnormalShutdown
1696760769061	geckodriver	INFO	Listening on 127.0.0.1:56379
1696760772109	mozrunner::runner	INFO	Running command: "C:\\Program Files (x86)\\Mozilla Firefox\\firefox.exe" "--marionette" "--remote-debugging-port" "56380" "--remote-allow-hosts" "localhost" "-no-remote" "-profile" "C:\\Users\\Sonal\\AppData\\Local\\Temp\\rust_mozprofileNI8Ox6"
console.warn: services.settings: Ignoring preference override of remote settings server
console.warn: services.settings: Allow by setting MOZ_REMOTE_SETTINGS_DEVTOOLS=1 in the environment
1696760773239	Marionette	INFO	Marionette enabled
Dynamically enable window occlusion 0
1696760773548	Marionette	INFO	Listening on port 56388
WebDriver BiDi listening on ws://127.0.0.1:56380
Read port: 56388
1696760774144	RemoteAgent	WARN	TLS certificate errors will be ignored for this session
DevTools listening on ws://127.0.0.1:56380/devtools/browser/490a210c-9276-46da-9a55-340343593ace
1696760804319	addons.xpi	ERROR	System addon update list error SyntaxError: XMLHttpRequest.open: 'http://%(server)s/dummy-system-addons.xml' is not a valid URL.
A content process crashed and MOZ_CRASHREPORTER_SHUTDOWN is set, shutting down
 "localhost" "-no-remote" "-profile" "C:\\Users\\Sonal\\AppData\\Local\\Temp\\rust_mozprofileadcHcQ"
console.warn: services.settings: Ignoring preference override of remote settings server
console.warn: services.settings: Allow by setting MOZ_REMOTE_SETTINGS_DEVTOOLS=1 in the environment
1696760786074	Marionette	INFO	Marionette enabled
Dynamically enable window occlusion 0
1696760786378	Marionette	INFO	Listening on port 56438
WebDriver BiDi listening on ws://127.0.0.1:56429
Read port: 56438
1696760786910	RemoteAgent	WARN	TLS certificate errors will be ignored for this session
DevTools listening on ws://127.0.0.1:56429/devtools/browser/07cf9798-08f2-453d-bf17-16ef1a5c5f89
console.error: ({})
1696760816810	addons.xpi	ERROR	System addon update list error SyntaxError: XMLHttpRequest.open: 'http://%(server)s/dummy-system-addons.xml' is not a valid URL.
e" "--remote-debugging-port" "56461" "--remote-allow-hosts" "localhost" "-no-remote" "-profile" "C:\\Users\\Sonal\\AppData\\Local\\Temp\\rust_mozprofilegdwhVX"
console.warn: services.settings: Ignoring preference override of remote settings server
console.warn: services.settings: Allow by setting MOZ_REMOTE_SETTINGS_DEVTOOLS=1 in the environment
1696760803124	Marionette	INFO	Marionette enabled
Dynamically enable window occlusion 0
1696760803507	Marionette	INFO	Listening on port 56482
WebDriver BiDi listening on ws://127.0.0.1:56461
Read port: 56482
1696760804140	RemoteAgent	WARN	TLS certificate errors will be ignored for this session
DevTools listening on ws://127.0.0.1:56461/devtools/browser/604ed32f-50b9-4b51-a6ff-0e0a14552087
console.error: ({})
[GFX1-]: VideoBridgeParent receives IPC close with reason=AbnormalShutdown
1696760949098	geckodriver	INFO	Listening on 127.0.0.1:56538
1696760952158	mozrunner::runner	INFO	Running command: "C:\\Program Files (x86)\\Mozilla Firefox\\firefox.exe" "--marionette" "--remote-debugging-port" "56539" "--remote-allow-hosts" "localhost" "-no-remote" "-profile" "C:\\Users\\Sonal\\AppData\\Local\\Temp\\rust_mozprofileY1ew03"
console.warn: services.settings: Ignoring preference override of remote settings server
console.warn: services.settings: Allow by setting MOZ_REMOTE_SETTINGS_DEVTOOLS=1 in the environment
1696760953221	Marionette	INFO	Marionette enabled
Dynamically enable window occlusion 0
1696760953516	Marionette	INFO	Listening on port 56546
WebDriver BiDi listening on ws://127.0.0.1:56539
Read port: 56546
1696760954074	RemoteAgent	WARN	TLS certificate errors will be ignored for this session
DevTools listening on ws://127.0.0.1:56539/devtools/browser/582873a8-51d0-4d31-b865-a8c3ce528392
1696760984765	addons.xpi	ERROR	System addon update list error SyntaxError: XMLHttpRequest.open: 'http://%(server)s/dummy-system-addons.xml' is not a valid URL.
[GFX1-]: CompositorBridgeChild receives IPC close with reason=AbnormalShutdown
[GFX1-]: CompositorBridgeChild receives IPC close with reason=AbnormalShutdown
[GFX1-]: CompositorBridgeChild receive[sG[ IGPFCX 1c-l]: CompositorBridgeChild receives [GFX1-]: CompositorBridgeChild receives IPC close with reason=AbnormalShutdown
FX1-]: CompositorBridgeChild receives IPC close with reason=AbnormalShutdown
ose with reason=AbnormalShutdown
IPC close with reason=AbnormalShutdown
ette	INFO	Listening on port 56588
WebDriver BiDi listening on ws://127.0.0.1:56576
Read port: 56588
1696760966651	RemoteAgent	WARN	TLS certificate errors will be ignored for this session
DevTools listening on ws://127.0.0.1:56576/devtools/browser/1fcf5cb0-5e74-4e63-95da-e800b34c827c
console.error: ({})
1696760997375	addons.xpi	ERROR	System addon update list error SyntaxError: XMLHttpRequest.open: 'http://%(server)s/dummy-system-addons.xml' is not a valid URL.
A content process crashed and MOZ_CRASHREPORTER_SHUTDOWN is set, shutting down
ote" "-profile" "C:\\Users\\Sonal\\AppData\\Local\\Temp\\rust_mozprofilebXvNvA"
console.warn: services.settings: Ignoring preference override of remote settings server
console.warn: services.settings: Allow by setting MOZ_REMOTE_SETTINGS_DEVTOOLS=1 in the environment
1696760983516	Marionette	INFO	Marionette enabled
Dynamically enable window occlusion 0
1696760983828	Marionette	INFO	Listening on port 56640
WebDriver BiDi listening on ws://127.0.0.1:56626
Read port: 56640
1696760984339	RemoteAgent	WARN	TLS certificate errors will be ignored for this session
DevTools listening on ws://127.0.0.1:56626/devtools/browser/4b3fd13f-04bf-4ccb-b6c0-bd888041480b
console.error: ({})
1696761141461	geckodriver	INFO	Listening on 127.0.0.1:56691
1696761144499	mozrunner::runner	INFO	Running command: "C:\\Program Files (x86)\\Mozilla Firefox\\firefox.exe" "--marionette" "--remote-debugging-port" "56692" "--remote-allow-hosts" "localhost" "-no-remote" "-profile" "C:\\Users\\Sonal\\AppData\\Local\\Temp\\rust_mozprofile2dahGo"
console.warn: services.settings: Ignoring preference override of remote settings server
console.warn: services.settings: Allow by setting MOZ_REMOTE_SETTINGS_DEVTOOLS=1 in the environment
1696761145574	Marionette	INFO	Marionette enabled
Dynamically enable window occlusion 0
1696761145890	Marionette	INFO	Listening on port 56699
WebDriver BiDi listening on ws://127.0.0.1:56692
Read port: 56699
1696761146424	RemoteAgent	WARN	TLS certificate errors will be ignored for this session
DevTools listening on ws://127.0.0.1:56692/devtools/browser/4d32ebc7-3e28-4cd3-904f-fb297636fc7e
1696761175601	addons.xpi	ERROR	System addon update list error SyntaxError: XMLHttpRequest.open: 'http://%(server)s/dummy-system-addons.xml' is not a valid URL.
Shutting down due to socket process crash.
JavaScript warning: https://www.google.com/xjs/_/js/k=xjs.hd.en.18MIgTW6lxU.O/ck=xjs.hd.KPKvVcQay54.L.F4.O/am=CAAAAAAAAAAAAAAAAgAAEDUQDgFsgAECARAAAAABACiIgAhCMACAgEeZAAAICQCEwACIA3sAACRUAwAAAABA2A8AAABAAACABQACAGgNYEAIUAQEAAAAQB4AgAcAGERYAAAAAAAAAAAAAAFPEAwuSAAEBEAAAAAAAAAAAACAVDZ5YQAB/d=0/dg=2/rs=ACT90oFOeY_rtky5uOpnXzTPmt0Kl-pcUg/m=sb_wiz,aa,abd,sync,syob,syoc,syot,syou,symx,symz,symy,symw,syov,syox,syow,syos,syp6,syoi,syel,syoe,syof,syoj,syon,syph,sypa,sypi,syok,syol,syp8,sypb,syp9,sypg,sype,sytk,syod,syom,syoo,syop,syoq,syor,syoy,syoz,syp0,syp1,syp2,sypc,syxi,syxh,syxj,async,mu,pHXghd,sf,synf,syne,rtH1bd,synu,syt5,symb,sywk,sy10m,sy10n,sy10o,sy10p,sy10q,sy10r,EkevXb,sylk,B2qlPe,syr9,NzU6V,syua,GU4Gab,syto,sytp,loL8vb,sytg,sytq,ms4mZb,sysc,sysd,sysn,syso,sysb,DhPYme,MpJwZc,UUJqVe,sy6y,sOXFj,sy6x,s39S4,nAFL3,oGtAuc,sy7q,sy7r,q0xTif,syw9,sywa,sy75,syrw,sywc,sywd,sywe,sywb,sywf,sywg,sywh,syz6,syz9,syza,syzb,symv,syzc,syzd,syze,syzf,syzg,syzh,syzi,syzj,syzk,syix,syiy,syzl,[GFX1-]: VideoBridgeParent receives IPC close with reason=AbnormalShutdown
1696761200072	Marionette	INFO	Stopped listening on port 56749
Dynamically enable window occlusion 1
A content process crashed and MOZ_CRASHREPORTER_SHUTDOWN is set, shutting down
Shutting down due to socket process crash.
console.error: services.settings: 
  Message: NetworkError: Network error: TypeError: NetworkError: Network request failed
  Stack:
    APIError@resource://services-settings/RemoteSettingsClient.sys.mjs:107:1
NetworkError@resource://services-settings/RemoteSettingsClient.sys.mjs:111:5
_adjustedError@resource://services-settings/RemoteSettingsClient.sys.mjs:907:14
maybeSync@resource://services-settings/RemoteSettingsClient.sys.mjs:812:38

console.warn: services.settings: security-state/onecrl sync interrupted by shutdown
console.error: (new NetworkError("Network error: TypeError: NetworkError: Network request failed", "resource://services-settings/RemoteSettingsClient.sys.mjs", 107))
,q0xTif,syw9,sywa,sy75,syrw,sywc,sywd,sywe,sywb,sywf,sywg,sywh,syz6,syz9,syza,syzb,symv,syzc,syzd,syze,syzf,syzg,syzh,syzi,syzj,syzk,syix,syiy,syzl,syzm,syzn,syzo,syzp,syzq,syzr,syzt,syzs,syzu,syzv,sy9k,sye6,syzx,syzy,syzw,syzz,sy100,sy101,sy102,sy105,sy106,sy107,sy108,epYOx?xjs=s3:484:991

[GFX1-]: Compos[GFX1-]: CompositorBridg[GFX1-]: CompositorBridgeChild receives IPC close with reason=AbnormalShutdown
itorBridgeChild receives IPC close with reason=eChild receives IPC close with reason=AbnormalShutdown
[GFX1-]: CompositorBridgeChild receives IPC close with reason=AbnormalShutdown
AbnormalShutdown
A content process crashed and MOZ_CRASHREPORTER_SHUTDOWN is set, shutting down
1696761202155	Marionette	INFO	Stopped listening on port 56699
Dynamically enable window occlusion 1
[GFX1-]: CompositorBridgeChild receives IPC close with reason=AbnormalShutdown
A content process crashed and MOZ_CRASHREPORTER_SHUTDOWN is set, shutting down
A content process crashed and MOZ_CRASHREPORTER_SHUTDOWN is set, shutting down
A content process crashed and MOZ_CRASHREPORTER_SHUTDOWN is set, shutting down
A content process crashed and MOZ_CRASHREPORTER_SHUTDOWN is set, shutting down
af6c.js?ver=3.6.0:1:88843
e.prototype.next@https://credence.in/website/wp-content/themes/eduma/assets/js/main.min066b.js?ver=5.0.6:1:73823
i@https://credence.in/website/wp-includes/js/jquery/jquery.minaf6c.js?ver=3.6.0:1:88843
e.prototype._next@https://credence.in/website/wp-content/themes/eduma/assets/js/main.min066b.js?ver=5.0.6:1:67324
i@https://credence.in/website/wp-includes/js/jquery/jquery.minaf6c.js?ver=3.6.0:1:88843

A content process crashed and MOZ_CRASHREPORTER_SHUTDOWN is set, shutting down
1696761201381	Marionette	INFO	Stopped listening on port 56794
Dynamically enable window occlusion 1
Shutting down due to socket process crash.
1696772619739	geckodriver	INFO	Listening on 127.0.0.1:57721
1696772622765	mozrunner::runner	INFO	Running command: "C:\\Program Files (x86)\\Mozilla Firefox\\firefox.exe" "--marionette" "--remote-debugging-port" "57722" "--remote-allow-hosts" "localhost" "-no-remote" "-profile" "C:\\Users\\Sonal\\AppData\\Local\\Temp\\rust_mozprofile4kOvrQ"
console.warn: services.settings: Ignoring preference override of remote settings server
console.warn: services.settings: Allow by setting MOZ_REMOTE_SETTINGS_DEVTOOLS=1 in the environment
1696772624812	Marionette	INFO	Marionette enabled
Dynamically enable window occlusion 0
1696772625282	Marionette	INFO	Listening on port 57731
Read port: 57731
WebDriver BiDi listening on ws://127.0.0.1:57722
1696772625580	RemoteAgent	WARN	TLS certificate errors will be ignored for this session
DevTools listening on ws://127.0.0.1:57722/devtools/browser/aaebd037-b4af-4612-b435-c7d784be5136
1696772657431	addons.xpi	ERROR	System addon update list error SyntaxError: XMLHttpRequest.open: 'http://%(server)s/dummy-system-addons.xml' is not a valid URL.
fox.exe" "--marionette" "--remote-debugging-port" "57772" "--remote-allow-hosts" "localhost" "-no-remote" "-profile" "C:\\Users\\Sonal\\AppData\\Local\\Temp\\rust_mozprofileFmPFBa"
console.warn: services.settings: Ignoring preference override of remote settings server
console.warn: services.settings: Allow by setting MOZ_REMOTE_SETTINGS_DEVTOOLS=1 in the environment
1696772642748	Marionette	INFO	Marionette enabled
Dynamically enable window occlusion 0
1696772643178	Marionette	INFO	Listening on port 57780
WebDriver BiDi listening on ws://127.0.0.1:57772
Read port: 57780
1696772643852	RemoteAgent	WARN	TLS certificate errors will be ignored for this session
DevTools listening on ws://127.0.0.1:57772/devtools/browser/3c11a03c-f8ab-4854-8599-b151a8f56349
console.error: ({})
1696772654386	geckodriver	INFO	Listening on 127.0.0.1:57815
1696772661438	mozrunner::runner	INFO	Running command: "C:\\Program Files (x86)\\Mozilla Firefox\\firefox.exe" "--marionette" "--remote-debugging-port" "57816" "--remote-allow-hosts" "localhost" "-no-remote" "-profile" "C:\\Users\\Sonal\\AppData\\Local\\Temp\\rust_mozprofileGI1atd"
console.warn: services.settings: Ignoring preference override of remote settings server
console.warn: services.settings: Allow by setting MOZ_REMOTE_SETTINGS_DEVTOOLS=1 in the environment
1696772662784	Marionette	INFO	Marionette enabled
Dynamically enable window occlusion 0
1696772663217	Marionette	INFO	Listening on port 57830
WebDriver BiDi listening on ws://127.0.0.1:57816
Read port: 57830
1696772670820	geckodriver	INFO	Listening on 127.0.0.1:57841
1696772673866	mozrunner::runner	INFO	Running command: "C:\\Program Files (x86)\\Mozilla Firefox\\firefox.exe" "--marionette" "--remote-debugging-port" "57842" "--remote-allow-hosts" "localhost" "-no-remote" "-profile" "C:\\Users\\Sonal\\AppData\\Local\\Temp\\rust_mozprofileSQRsSv"
console.warn: services.settings: Ignoring preference override of remote settings server
console.warn: services.settings: Allow by setting MOZ_REMOTE_SETTINGS_DEVTOOLS=1 in the environment
1696772674598	Marionette	INFO	Marionette enabled
Dynamically enable window occlusion 0
1696772674885	Marionette	INFO	Listening on port 57849
WebDriver BiDi listening on ws://127.0.0.1:57842
Read port: 57849
1696772675411	RemoteAgent	WARN	TLS certificate errors will be ignored for this session
DevTools listening on ws://127.0.0.1:57842/devtools/browser/98e509ac-d901-4212-889b-aea746c82435
1696772704874	addons.xpi	ERROR	System addon update list error SyntaxError: XMLHttpRequest.open: 'http://%(server)s/dummy-system-addons.xml' is not a valid URL.
A content process crashed and MOZ_CRASHREPORTER_SHUTDOWN is set, shutting down
JavaScript warning: https://www.google.com/xjs/_/js/k=xjs.hd.en.18MIgTW6lxU.O/ck=xjs.hd.KPKvVcQay54.L.F4.O/am=CAAAAAAAAAAAAAAAAgAAEDUQDgFsgAEC4RAAAAABACiIgAhCMACAgEeZAAAICQCEwACIA3sAACRUAwAAAABA2A8AAABAAACABQACAGgNYEAIUAQEAAAAQB4AgAcQGERYAAAAAAAAAAAAAAFPEAwuSI8FBEAAAAAAAAAAAACAVDZ5YQABADA/d=0/dg=2/rs=ACT90oHOc8cCexUmbFYijTqyiWIrFwyvSQ/m=sb_wiz,aa,abd,sync,syob,syoc,syot,syou,symx,symz,symy,symw,syov,syox,syow,syos,syp6,syoi,syel,syoe,syof,syoj,syon,syph,sypa,sypi,syok,syol,syp8,sypb,syp9,sypg,sype,sytk,syod,syom,syoo,syop,syoq,syor,syoy,syoz,syp0,syp1,syp2,sypc,syxi,syxh,syxj,async,mu,pHXghd,sf,synf,syne,rtH1bd,synu,syt5,symb,sywk,sy10m,sy10n,sy10o,sy10p,sy10q,sy10r,EkevXb,sylk,B2qlPe,syr9,NzU6V,syua,GU4Gab,syto,sytp,loL8vb,sytg,sytq,ms4mZb,sysc,sysd,sysn,syso,sysb,DhPYme,MpJwZc,UUJqVe,sy6y,sOXFj,sy6x,s39S4,nAFL3,oGtAuc,sy7q,sy7r,q0xTif,syw9,sywa,sy75,syrw,sywc,sywd,sywe,sywb,sywf,sywg,sywh,syz6,syz9,syza,syzb,symv,syzc,syzd,syze,syzf,syzg,syzh,syzi,syzj,syzk,syix,syiy,syzl,sJavaScript warning: chrome://global/content/elements/marquee.js, line 353: Script terminated by timeout at:
myTimeOutFunction@chrome://global/content/elements/marquee.js:353:7

jc/<@https://www.google.com/xjs/_/js/k=xjs.hd.en.18MIgTW6lxU.O/ck=xjs.hd.KPKvVcQay54.L.F4.O/am=CAAAAAAAAAAAAAAAAgAAEDUQDgFsgAEC4RAAAAABACiIgAhCMACAgEeZAAAICQCEwACIA3sAACRUAwAAAABA2A8AAABAAACABQACAGgNYEAIUAQEAAAAQB4AgAcQGERYAAAAAAAAAAAAAAFPEAwuSI8FBEAAAAAAAAAAAACAVDZ5YQABADA/d=0/dg=2/rs=ACT90oHOc8cCexUmbFYijTqyiWIrFwyvSQ/m=sb_wiz,aa,abd,sync,syob,syoc,syot,syou,symx,symz,symy,symw,syov,syox,syow,syos,syp6,syoi,syel,syoe,syof,syoj,syon,syph,sypa,sypi,syok,syol,syp8,sypb,syp9,sypg,sype,sytk,syod,syom,syoo,syop,syoq,syor,syoy,syoz,syp0,syp1,syp2,sypc,syxi,syxh,syxj,async,mu,pHXghd,sf,synf,syne,rtH1bd,synu,syt5,symb,sywk,sy10m,sy10n,sy10o,sy10p,sy10q,sy10r,EkevXb,sylk,B2qlPe,syr9,NzU6V,syua,GU4Gab,syto,sytp,loL8vb,sytg,sytq,ms4mZb,sysc,sysd,sysn,syso,sysb,DhPYme,MpJwZc,UUJqVe,sy6y,sOXFj,sy6x,s39S4,nAFL3,oGtAuc,sy7q,sy7r,q0xTif,syw9,sywa,sy75,syrw,sywc,sywd,sywe,sywb,sywf,sywg,sywh,syz6,syz9,syza,syzb,symv,syzc,syzd,syze,syzf,syzg,syzh,syzi,syzj,syzk,syix,syiy,syzl,syzm,syzn,syzo,syzp,syzq,syzr,syzt,syzs,syzu,syzv,sy9k,sye6,syzx,syzy,syzw,syzz,sy100,sy101,sy102,sy105,sy106,sy107,sy108,epYOx?xjs=s3:484:991

